0 verbose cli /usr/local/bin/node /usr/local/bin/npm
1 info using npm@10.2.3
2 info using node@v20.9.0
3 timing npm:load:whichnode Completed in 1ms
4 timing config:load:defaults Completed in 1ms
5 timing config:load:file:/usr/local/lib/node_modules/npm/npmrc Completed in 0ms
6 timing config:load:builtin Completed in 0ms
7 timing config:load:cli Completed in 3ms
8 timing config:load:env Completed in 0ms
9 timing config:load:file:/Users/pawan-home/Desktop/Mern_course_/course-recommendation-service/.npmrc Completed in 0ms
10 timing config:load:project Completed in 1ms
11 timing config:load:file:/Users/pawan-home/.npmrc Completed in 1ms
12 timing config:load:user Completed in 1ms
13 timing config:load:file:/usr/local/etc/npmrc Completed in 0ms
14 timing config:load:global Completed in 0ms
15 timing config:load:setEnvs Completed in 1ms
16 timing config:load Completed in 8ms
17 timing npm:load:configload Completed in 8ms
18 timing config:load:flatten Completed in 3ms
19 timing npm:load:mkdirpcache Completed in 1ms
20 timing npm:load:mkdirplogs Completed in 0ms
21 verbose title npm install express body-parser cors
22 verbose argv "install" "express" "body-parser" "cors" "--cache" "./.npm-cache"
23 timing npm:load:setTitle Completed in 22ms
24 timing npm:load:display Completed in 1ms
25 verbose logfile logs-max:10 dir:/Users/pawan-home/Desktop/Mern_course_/course-recommendation-service/.npm-cache/_logs/2025-09-18T17_46_43_998Z-
26 verbose logfile /Users/pawan-home/Desktop/Mern_course_/course-recommendation-service/.npm-cache/_logs/2025-09-18T17_46_43_998Z-debug-0.log
27 timing npm:load:logFile Completed in 10ms
28 timing npm:load:timers Completed in 0ms
29 timing npm:load:configScope Completed in 0ms
30 timing npm:load Completed in 62ms
31 timing arborist:ctor Completed in 1ms
32 silly logfile done cleaning log files
33 timing arborist:ctor Completed in 1ms
34 timing idealTree:init Completed in 14ms
35 timing idealTree:userRequests Completed in 2ms
36 silly idealTree buildDeps
37 silly fetch manifest express@*
38 http fetch GET 200 https://registry.npmjs.org/express 243ms (cache miss)
39 silly fetch manifest body-parser@*
40 http fetch GET 200 https://registry.npmjs.org/npm 436ms (cache miss)
41 http fetch GET 200 https://registry.npmjs.org/body-parser 109ms (cache miss)
42 silly fetch manifest cors@*
43 http fetch GET 200 https://registry.npmjs.org/cors 106ms (cache miss)
44 silly placeDep ROOT body-parser@2.2.0 OK for: course-recommendation-service@1.0.0 want: *
45 silly fetch manifest bytes@^3.1.2
46 silly fetch manifest content-type@^1.0.5
47 silly fetch manifest debug@^4.4.0
48 silly fetch manifest http-errors@^2.0.0
49 silly fetch manifest iconv-lite@^0.6.3
50 silly fetch manifest on-finished@^2.4.1
51 silly fetch manifest qs@^6.14.0
52 silly fetch manifest raw-body@^3.0.0
53 silly fetch manifest type-is@^2.0.0
54 silly placeDep ROOT cors@2.8.5 OK for: course-recommendation-service@1.0.0 want: *
55 silly fetch manifest vary@^1
56 silly fetch manifest object-assign@^4
57 silly placeDep ROOT express@5.1.0 OK for: course-recommendation-service@1.0.0 want: *
58 silly fetch manifest etag@^1.8.1
59 silly fetch manifest once@^1.4.0
60 silly fetch manifest send@^1.1.0
61 silly fetch manifest vary@^1.1.2
62 silly fetch manifest fresh@^2.0.0
63 silly fetch manifest cookie@^0.7.1
64 silly fetch manifest router@^2.2.0
65 silly fetch manifest accepts@^2.0.0
66 silly fetch manifest type-is@^2.0.1
67 silly fetch manifest parseurl@^1.3.3
68 silly fetch manifest statuses@^2.0.1
69 silly fetch manifest encodeurl@^2.0.0
70 silly fetch manifest mime-types@^3.0.0
71 silly fetch manifest proxy-addr@^2.0.7
72 silly fetch manifest escape-html@^1.0.3
73 silly fetch manifest finalhandler@^2.1.0
74 silly fetch manifest range-parser@^1.2.1
75 silly fetch manifest serve-static@^2.2.0
76 silly fetch manifest cookie-signature@^1.2.1
77 silly fetch manifest merge-descriptors@^2.0.0
78 silly fetch manifest content-disposition@^1.0.0
79 http fetch GET 200 https://registry.npmjs.org/bytes 100ms (cache miss)
80 http fetch GET 200 https://registry.npmjs.org/content-type 117ms (cache miss)
81 http fetch GET 200 https://registry.npmjs.org/http-errors 284ms (cache miss)
82 http fetch GET 200 https://registry.npmjs.org/etag 292ms (cache miss)
83 http fetch GET 200 https://registry.npmjs.org/type-is 298ms (cache miss)
84 http fetch GET 200 https://registry.npmjs.org/cookie 300ms (cache miss)
85 http fetch GET 200 https://registry.npmjs.org/vary 309ms (cache miss)
86 http fetch GET 200 https://registry.npmjs.org/raw-body 313ms (cache miss)
87 http fetch GET 200 https://registry.npmjs.org/once 340ms (cache miss)
88 http fetch GET 200 https://registry.npmjs.org/debug 349ms (cache miss)
89 http fetch GET 200 https://registry.npmjs.org/accepts 410ms (cache miss)
90 http fetch GET 200 https://registry.npmjs.org/vary 415ms (cache miss)
91 http fetch GET 200 https://registry.npmjs.org/fresh 417ms (cache miss)
92 http fetch GET 200 https://registry.npmjs.org/encodeurl 413ms (cache miss)
93 http fetch GET 200 https://registry.npmjs.org/escape-html 411ms (cache miss)
94 http fetch GET 200 https://registry.npmjs.org/type-is 416ms (cache miss)
95 http fetch GET 200 https://registry.npmjs.org/range-parser 410ms (cache miss)
96 http fetch GET 200 https://registry.npmjs.org/parseurl 416ms (cache miss)
97 http fetch GET 200 https://registry.npmjs.org/merge-descriptors 410ms (cache miss)
98 http fetch GET 200 https://registry.npmjs.org/on-finished 429ms (cache miss)
99 http fetch GET 200 https://registry.npmjs.org/statuses 417ms (cache miss)
100 http fetch GET 200 https://registry.npmjs.org/content-disposition 412ms (cache miss)
101 http fetch GET 200 https://registry.npmjs.org/object-assign 428ms (cache miss)
102 http fetch GET 200 https://registry.npmjs.org/qs 431ms (cache miss)
103 http fetch GET 200 https://registry.npmjs.org/cookie-signature 416ms (cache miss)
104 http fetch GET 200 https://registry.npmjs.org/proxy-addr 420ms (cache miss)
105 http fetch GET 200 https://registry.npmjs.org/finalhandler 420ms (cache miss)
106 http fetch GET 200 https://registry.npmjs.org/iconv-lite 438ms (cache miss)
107 http fetch GET 200 https://registry.npmjs.org/send 432ms (cache miss)
108 http fetch GET 200 https://registry.npmjs.org/mime-types 427ms (cache miss)
109 http fetch GET 200 https://registry.npmjs.org/serve-static 425ms (cache miss)
110 http fetch GET 200 https://registry.npmjs.org/router 434ms (cache miss)
111 timing idealTree:#root Completed in 953ms
112 silly placeDep ROOT bytes@3.1.2 OK for: body-parser@2.2.0 want: ^3.1.2
113 silly placeDep ROOT content-type@1.0.5 OK for: body-parser@2.2.0 want: ^1.0.5
114 silly placeDep ROOT debug@4.4.3 OK for: body-parser@2.2.0 want: ^4.4.0
115 silly fetch manifest ms@^2.1.3
116 silly placeDep ROOT http-errors@2.0.0 OK for: body-parser@2.2.0 want: ^2.0.0
117 silly fetch manifest depd@2.0.0
118 silly fetch manifest inherits@2.0.4
119 silly fetch manifest statuses@2.0.1
120 silly fetch manifest toidentifier@1.0.1
121 silly fetch manifest setprototypeof@1.2.0
122 silly placeDep ROOT iconv-lite@0.6.3 OK for: body-parser@2.2.0 want: ^0.6.3
123 silly fetch manifest safer-buffer@>= 2.1.2 < 3.0.0
124 silly placeDep ROOT on-finished@2.4.1 OK for: body-parser@2.2.0 want: ^2.4.1
125 silly fetch manifest ee-first@1.1.1
126 silly placeDep ROOT qs@6.14.0 OK for: body-parser@2.2.0 want: ^6.14.0
127 silly fetch manifest side-channel@^1.1.0
128 silly placeDep ROOT raw-body@3.0.1 OK for: body-parser@2.2.0 want: ^3.0.0
129 silly fetch manifest iconv-lite@0.7.0
130 silly fetch manifest unpipe@1.0.0
131 silly placeDep ROOT type-is@2.0.1 OK for: body-parser@2.2.0 want: ^2.0.0
132 silly fetch manifest media-typer@^1.1.0
133 http fetch GET 200 https://registry.npmjs.org/depd 96ms (cache miss)
134 http fetch GET 200 https://registry.npmjs.org/toidentifier 95ms (cache miss)
135 http fetch GET 200 https://registry.npmjs.org/inherits 96ms (cache miss)
136 http fetch GET 200 https://registry.npmjs.org/ee-first 127ms (cache miss)
137 http fetch GET 200 https://registry.npmjs.org/safer-buffer 129ms (cache miss)
138 http fetch GET 200 https://registry.npmjs.org/unpipe 122ms (cache miss)
139 http fetch GET 200 https://registry.npmjs.org/ms 138ms (cache miss)
140 http fetch GET 200 https://registry.npmjs.org/setprototypeof 134ms (cache miss)
141 http fetch GET 200 https://registry.npmjs.org/side-channel 128ms (cache miss)
142 http fetch GET 200 https://registry.npmjs.org/media-typer 122ms (cache miss)
143 timing idealTree:node_modules/body-parser Completed in 154ms
144 timing idealTree:node_modules/bytes Completed in 0ms
145 timing idealTree:node_modules/content-type Completed in 0ms
146 silly placeDep ROOT object-assign@4.1.1 OK for: cors@2.8.5 want: ^4
147 silly placeDep ROOT vary@1.1.2 OK for: cors@2.8.5 want: ^1
148 timing idealTree:node_modules/cors Completed in 4ms
149 silly placeDep ROOT ms@2.1.3 OK for: debug@4.4.3 want: ^2.1.3
150 timing idealTree:node_modules/debug Completed in 1ms
151 silly placeDep ROOT accepts@2.0.0 OK for: express@5.1.0 want: ^2.0.0
152 silly fetch manifest negotiator@^1.0.0
153 silly placeDep ROOT content-disposition@1.0.0 OK for: express@5.1.0 want: ^1.0.0
154 silly fetch manifest safe-buffer@5.2.1
155 silly placeDep ROOT cookie@0.7.2 OK for: express@5.1.0 want: ^0.7.1
156 silly placeDep ROOT cookie-signature@1.2.2 OK for: express@5.1.0 want: ^1.2.1
157 silly placeDep ROOT encodeurl@2.0.0 OK for: express@5.1.0 want: ^2.0.0
158 silly placeDep ROOT escape-html@1.0.3 OK for: express@5.1.0 want: ^1.0.3
159 silly placeDep ROOT etag@1.8.1 OK for: express@5.1.0 want: ^1.8.1
160 silly placeDep ROOT finalhandler@2.1.0 OK for: express@5.1.0 want: ^2.1.0
161 silly placeDep ROOT fresh@2.0.0 OK for: express@5.1.0 want: ^2.0.0
162 silly placeDep ROOT merge-descriptors@2.0.0 OK for: express@5.1.0 want: ^2.0.0
163 silly placeDep ROOT mime-types@3.0.1 OK for: express@5.1.0 want: ^3.0.0
164 silly fetch manifest mime-db@^1.54.0
165 silly placeDep ROOT once@1.4.0 OK for: express@5.1.0 want: ^1.4.0
166 silly fetch manifest wrappy@1
167 silly placeDep ROOT parseurl@1.3.3 OK for: express@5.1.0 want: ^1.3.3
168 silly placeDep ROOT proxy-addr@2.0.7 OK for: express@5.1.0 want: ^2.0.7
169 silly fetch manifest forwarded@0.2.0
170 silly fetch manifest ipaddr.js@1.9.1
171 silly placeDep ROOT range-parser@1.2.1 OK for: express@5.1.0 want: ^1.2.1
172 silly placeDep ROOT router@2.2.0 OK for: express@5.1.0 want: ^2.2.0
173 silly fetch manifest depd@^2.0.0
174 silly fetch manifest is-promise@^4.0.0
175 silly fetch manifest path-to-regexp@^8.0.0
176 silly placeDep ROOT send@1.2.0 OK for: express@5.1.0 want: ^1.1.0
177 silly placeDep ROOT serve-static@2.2.0 OK for: express@5.1.0 want: ^2.2.0
178 silly placeDep ROOT statuses@2.0.2 OK for: express@5.1.0 want: ^2.0.1
179 http fetch GET 200 https://registry.npmjs.org/wrappy 84ms (cache miss)
180 http fetch GET 200 https://registry.npmjs.org/forwarded 82ms (cache miss)
181 http fetch GET 200 https://registry.npmjs.org/negotiator 97ms (cache miss)
182 http fetch GET 200 https://registry.npmjs.org/ipaddr.js 95ms (cache miss)
183 http fetch GET 200 https://registry.npmjs.org/path-to-regexp 95ms (cache miss)
184 http fetch GET 200 https://registry.npmjs.org/mime-db 105ms (cache miss)
185 http fetch GET 200 https://registry.npmjs.org/safe-buffer 124ms (cache miss)
186 http fetch GET 200 https://registry.npmjs.org/is-promise 109ms (cache miss)
187 timing idealTree:node_modules/express Completed in 140ms
188 silly placeDep ROOT negotiator@1.0.0 OK for: accepts@2.0.0 want: ^1.0.0
189 timing idealTree:node_modules/accepts Completed in 1ms
190 silly placeDep ROOT safe-buffer@5.2.1 OK for: content-disposition@1.0.0 want: 5.2.1
191 timing idealTree:node_modules/content-disposition Completed in 1ms
192 timing idealTree:node_modules/cookie Completed in 0ms
193 timing idealTree:node_modules/cookie-signature Completed in 0ms
194 timing idealTree:node_modules/encodeurl Completed in 0ms
195 timing idealTree:node_modules/escape-html Completed in 0ms
196 timing idealTree:node_modules/etag Completed in 0ms
197 timing idealTree:node_modules/finalhandler Completed in 0ms
198 timing idealTree:node_modules/fresh Completed in 0ms
199 silly placeDep ROOT depd@2.0.0 OK for: http-errors@2.0.0 want: 2.0.0
200 silly placeDep ROOT inherits@2.0.4 OK for: http-errors@2.0.0 want: 2.0.4
201 silly placeDep ROOT setprototypeof@1.2.0 OK for: http-errors@2.0.0 want: 1.2.0
202 silly placeDep node_modules/http-errors statuses@2.0.1 OK for: http-errors@2.0.0 want: 2.0.1
203 silly placeDep ROOT toidentifier@1.0.1 OK for: http-errors@2.0.0 want: 1.0.1
204 timing idealTree:node_modules/http-errors Completed in 5ms
205 timing idealTree:node_modules/depd Completed in 0ms
206 silly placeDep ROOT safer-buffer@2.1.2 OK for: iconv-lite@0.6.3 want: >= 2.1.2 < 3.0.0
207 timing idealTree:node_modules/iconv-lite Completed in 1ms
208 timing idealTree:node_modules/inherits Completed in 0ms
209 timing idealTree:node_modules/merge-descriptors Completed in 0ms
210 silly placeDep ROOT mime-db@1.54.0 OK for: mime-types@3.0.1 want: ^1.54.0
211 timing idealTree:node_modules/mime-types Completed in 1ms
212 timing idealTree:node_modules/mime-db Completed in 0ms
213 timing idealTree:node_modules/ms Completed in 0ms
214 timing idealTree:node_modules/negotiator Completed in 0ms
215 timing idealTree:node_modules/object-assign Completed in 0ms
216 silly placeDep ROOT ee-first@1.1.1 OK for: on-finished@2.4.1 want: 1.1.1
217 timing idealTree:node_modules/on-finished Completed in 1ms
218 timing idealTree:node_modules/ee-first Completed in 0ms
219 silly placeDep ROOT wrappy@1.0.2 OK for: once@1.4.0 want: 1
220 timing idealTree:node_modules/once Completed in 1ms
221 timing idealTree:node_modules/parseurl Completed in 0ms
222 silly placeDep ROOT forwarded@0.2.0 OK for: proxy-addr@2.0.7 want: 0.2.0
223 silly placeDep ROOT ipaddr.js@1.9.1 OK for: proxy-addr@2.0.7 want: 1.9.1
224 timing idealTree:node_modules/proxy-addr Completed in 2ms
225 timing idealTree:node_modules/forwarded Completed in 0ms
226 timing idealTree:node_modules/ipaddr.js Completed in 0ms
227 silly placeDep ROOT side-channel@1.1.0 OK for: qs@6.14.0 want: ^1.1.0
228 silly fetch manifest es-errors@^1.3.0
229 silly fetch manifest object-inspect@^1.13.3
230 silly fetch manifest side-channel-list@^1.0.0
231 silly fetch manifest side-channel-map@^1.0.1
232 silly fetch manifest side-channel-weakmap@^1.0.2
233 http fetch GET 200 https://registry.npmjs.org/side-channel-map 104ms (cache miss)
234 http fetch GET 200 https://registry.npmjs.org/side-channel-list 106ms (cache miss)
235 http fetch GET 200 https://registry.npmjs.org/es-errors 108ms (cache miss)
236 http fetch GET 200 https://registry.npmjs.org/object-inspect 108ms (cache miss)
237 http fetch GET 200 https://registry.npmjs.org/side-channel-weakmap 113ms (cache miss)
238 timing idealTree:node_modules/qs Completed in 117ms
239 timing idealTree:node_modules/range-parser Completed in 0ms
240 silly placeDep node_modules/raw-body iconv-lite@0.7.0 OK for: raw-body@3.0.1 want: 0.7.0
241 silly placeDep ROOT unpipe@1.0.0 OK for: raw-body@3.0.1 want: 1.0.0
242 timing idealTree:node_modules/raw-body Completed in 2ms
243 silly placeDep ROOT is-promise@4.0.0 OK for: router@2.2.0 want: ^4.0.0
244 silly placeDep ROOT path-to-regexp@8.3.0 OK for: router@2.2.0 want: ^8.0.0
245 timing idealTree:node_modules/router Completed in 3ms
246 timing idealTree:node_modules/is-promise Completed in 0ms
247 timing idealTree:node_modules/path-to-regexp Completed in 0ms
248 timing idealTree:node_modules/safe-buffer Completed in 0ms
249 timing idealTree:node_modules/safer-buffer Completed in 0ms
250 timing idealTree:node_modules/send Completed in 0ms
251 timing idealTree:node_modules/serve-static Completed in 0ms
252 timing idealTree:node_modules/setprototypeof Completed in 0ms
253 silly placeDep ROOT es-errors@1.3.0 OK for: side-channel@1.1.0 want: ^1.3.0
254 silly placeDep ROOT object-inspect@1.13.4 OK for: side-channel@1.1.0 want: ^1.13.3
255 silly placeDep ROOT side-channel-list@1.0.0 OK for: side-channel@1.1.0 want: ^1.0.0
256 silly placeDep ROOT side-channel-map@1.0.1 OK for: side-channel@1.1.0 want: ^1.0.1
257 silly fetch manifest call-bound@^1.0.2
258 silly fetch manifest get-intrinsic@^1.2.5
259 silly placeDep ROOT side-channel-weakmap@1.0.2 OK for: side-channel@1.1.0 want: ^1.0.2
260 http fetch GET 200 https://registry.npmjs.org/call-bound 56ms (cache miss)
261 http fetch GET 200 https://registry.npmjs.org/get-intrinsic 67ms (cache miss)
262 timing idealTree:node_modules/side-channel Completed in 73ms
263 timing idealTree:node_modules/es-errors Completed in 0ms
264 timing idealTree:node_modules/object-inspect Completed in 0ms
265 timing idealTree:node_modules/side-channel-list Completed in 0ms
266 silly placeDep ROOT call-bound@1.0.4 OK for: side-channel-map@1.0.1 want: ^1.0.2
267 silly fetch manifest call-bind-apply-helpers@^1.0.2
268 silly fetch manifest get-intrinsic@^1.3.0
269 silly placeDep ROOT get-intrinsic@1.3.0 OK for: side-channel-map@1.0.1 want: ^1.2.5
270 silly fetch manifest es-define-property@^1.0.1
271 silly fetch manifest es-object-atoms@^1.1.1
272 silly fetch manifest function-bind@^1.1.2
273 silly fetch manifest get-proto@^1.0.1
274 silly fetch manifest gopd@^1.2.0
275 silly fetch manifest has-symbols@^1.1.0
276 silly fetch manifest hasown@^2.0.2
277 silly fetch manifest math-intrinsics@^1.1.0
278 http fetch GET 200 https://registry.npmjs.org/call-bind-apply-helpers 71ms (cache miss)
279 http fetch GET 200 https://registry.npmjs.org/es-object-atoms 101ms (cache miss)
280 http fetch GET 200 https://registry.npmjs.org/es-define-property 101ms (cache miss)
281 http fetch GET 200 https://registry.npmjs.org/gopd 128ms (cache miss)
282 http fetch GET 200 https://registry.npmjs.org/get-proto 130ms (cache miss)
283 http fetch GET 200 https://registry.npmjs.org/has-symbols 130ms (cache miss)
284 http fetch GET 200 https://registry.npmjs.org/function-bind 132ms (cache miss)
285 http fetch GET 200 https://registry.npmjs.org/hasown 133ms (cache miss)
286 http fetch GET 200 https://registry.npmjs.org/math-intrinsics 144ms (cache miss)
287 timing idealTree:node_modules/side-channel-map Completed in 152ms
288 silly placeDep ROOT call-bind-apply-helpers@1.0.2 OK for: call-bound@1.0.4 want: ^1.0.2
289 timing idealTree:node_modules/call-bound Completed in 1ms
290 silly placeDep ROOT function-bind@1.1.2 OK for: call-bind-apply-helpers@1.0.2 want: ^1.1.2
291 timing idealTree:node_modules/call-bind-apply-helpers Completed in 1ms
292 timing idealTree:node_modules/function-bind Completed in 0ms
293 silly placeDep ROOT es-define-property@1.0.1 OK for: get-intrinsic@1.3.0 want: ^1.0.1
294 silly placeDep ROOT es-object-atoms@1.1.1 OK for: get-intrinsic@1.3.0 want: ^1.1.1
295 silly placeDep ROOT get-proto@1.0.1 OK for: get-intrinsic@1.3.0 want: ^1.0.1
296 silly fetch manifest dunder-proto@^1.0.1
297 silly placeDep ROOT gopd@1.2.0 OK for: get-intrinsic@1.3.0 want: ^1.2.0
298 silly placeDep ROOT has-symbols@1.1.0 OK for: get-intrinsic@1.3.0 want: ^1.1.0
299 silly placeDep ROOT hasown@2.0.2 OK for: get-intrinsic@1.3.0 want: ^2.0.2
300 silly placeDep ROOT math-intrinsics@1.1.0 OK for: get-intrinsic@1.3.0 want: ^1.1.0
301 http fetch GET 200 https://registry.npmjs.org/dunder-proto 82ms (cache miss)
302 timing idealTree:node_modules/get-intrinsic Completed in 89ms
303 timing idealTree:node_modules/es-define-property Completed in 0ms
304 timing idealTree:node_modules/es-object-atoms Completed in 0ms
305 silly placeDep ROOT dunder-proto@1.0.1 OK for: get-proto@1.0.1 want: ^1.0.1
306 timing idealTree:node_modules/get-proto Completed in 2ms
307 timing idealTree:node_modules/dunder-proto Completed in 0ms
308 timing idealTree:node_modules/gopd Completed in 0ms
309 timing idealTree:node_modules/has-symbols Completed in 0ms
310 timing idealTree:node_modules/hasown Completed in 0ms
311 timing idealTree:node_modules/math-intrinsics Completed in 0ms
312 timing idealTree:node_modules/side-channel-weakmap Completed in 0ms
313 timing idealTree:node_modules/statuses Completed in 0ms
314 timing idealTree:node_modules/toidentifier Completed in 0ms
315 silly placeDep ROOT media-typer@1.1.0 OK for: type-is@2.0.1 want: ^1.1.0
316 timing idealTree:node_modules/type-is Completed in 1ms
317 timing idealTree:node_modules/media-typer Completed in 0ms
318 timing idealTree:node_modules/unpipe Completed in 0ms
319 timing idealTree:node_modules/vary Completed in 0ms
320 timing idealTree:node_modules/wrappy Completed in 0ms
321 timing idealTree:node_modules/http-errors/node_modules/statuses Completed in 0ms
322 timing idealTree:node_modules/raw-body/node_modules/iconv-lite Completed in 0ms
323 timing idealTree:buildDeps Completed in 1713ms
324 timing idealTree:fixDepFlags Completed in 2ms
325 timing idealTree Completed in 1734ms
326 timing reify:loadTrees Completed in 1735ms
327 timing reify:diffTrees Completed in 3ms
328 silly reify moves {}
329 timing reify:retireShallow Completed in 1ms
330 timing reify:createSparse Completed in 12ms
331 timing reify:loadBundles Completed in 0ms
332 silly audit bulk request {
332 silly audit   'body-parser': [ '2.2.0' ],
332 silly audit   cors: [ '2.8.5' ],
332 silly audit   express: [ '5.1.0' ],
332 silly audit   bytes: [ '3.1.2' ],
332 silly audit   'content-type': [ '1.0.5' ],
332 silly audit   debug: [ '4.4.3' ],
332 silly audit   'http-errors': [ '2.0.0' ],
332 silly audit   'iconv-lite': [ '0.6.3', '0.7.0' ],
332 silly audit   'on-finished': [ '2.4.1' ],
332 silly audit   qs: [ '6.14.0' ],
332 silly audit   'raw-body': [ '3.0.1' ],
332 silly audit   'type-is': [ '2.0.1' ],
332 silly audit   'object-assign': [ '4.1.1' ],
332 silly audit   vary: [ '1.1.2' ],
332 silly audit   ms: [ '2.1.3' ],
332 silly audit   accepts: [ '2.0.0' ],
332 silly audit   'content-disposition': [ '1.0.0' ],
332 silly audit   cookie: [ '0.7.2' ],
332 silly audit   'cookie-signature': [ '1.2.2' ],
332 silly audit   encodeurl: [ '2.0.0' ],
332 silly audit   'escape-html': [ '1.0.3' ],
332 silly audit   etag: [ '1.8.1' ],
332 silly audit   finalhandler: [ '2.1.0' ],
332 silly audit   fresh: [ '2.0.0' ],
332 silly audit   'merge-descriptors': [ '2.0.0' ],
332 silly audit   'mime-types': [ '3.0.1' ],
332 silly audit   once: [ '1.4.0' ],
332 silly audit   parseurl: [ '1.3.3' ],
332 silly audit   'proxy-addr': [ '2.0.7' ],
332 silly audit   'range-parser': [ '1.2.1' ],
332 silly audit   router: [ '2.2.0' ],
332 silly audit   send: [ '1.2.0' ],
332 silly audit   'serve-static': [ '2.2.0' ],
332 silly audit   statuses: [ '2.0.2', '2.0.1' ],
332 silly audit   negotiator: [ '1.0.0' ],
332 silly audit   'safe-buffer': [ '5.2.1' ],
332 silly audit   depd: [ '2.0.0' ],
332 silly audit   inherits: [ '2.0.4' ],
332 silly audit   setprototypeof: [ '1.2.0' ],
332 silly audit   toidentifier: [ '1.0.1' ],
332 silly audit   'safer-buffer': [ '2.1.2' ],
332 silly audit   'mime-db': [ '1.54.0' ],
332 silly audit   'ee-first': [ '1.1.1' ],
332 silly audit   wrappy: [ '1.0.2' ],
332 silly audit   forwarded: [ '0.2.0' ],
332 silly audit   'ipaddr.js': [ '1.9.1' ],
332 silly audit   'side-channel': [ '1.1.0' ],
332 silly audit   unpipe: [ '1.0.0' ],
332 silly audit   'is-promise': [ '4.0.0' ],
332 silly audit   'path-to-regexp': [ '8.3.0' ],
332 silly audit   'es-errors': [ '1.3.0' ],
332 silly audit   'object-inspect': [ '1.13.4' ],
332 silly audit   'side-channel-list': [ '1.0.0' ],
332 silly audit   'side-channel-map': [ '1.0.1' ],
332 silly audit   'side-channel-weakmap': [ '1.0.2' ],
332 silly audit   'call-bound': [ '1.0.4' ],
332 silly audit   'get-intrinsic': [ '1.3.0' ],
332 silly audit   'call-bind-apply-helpers': [ '1.0.2' ],
332 silly audit   'function-bind': [ '1.1.2' ],
332 silly audit   'es-define-property': [ '1.0.1' ],
332 silly audit   'es-object-atoms': [ '1.1.1' ],
332 silly audit   'get-proto': [ '1.0.1' ],
332 silly audit   gopd: [ '1.2.0' ],
332 silly audit   'has-symbols': [ '1.1.0' ],
332 silly audit   hasown: [ '2.0.2' ],
332 silly audit   'math-intrinsics': [ '1.1.0' ],
332 silly audit   'dunder-proto': [ '1.0.1' ],
332 silly audit   'media-typer': [ '1.1.0' ]
332 silly audit }
333 silly tarball no local data for math-intrinsics@https://registry.npmjs.org/math-intrinsics/-/math-intrinsics-1.1.0.tgz. Extracting by manifest.
334 silly tarball no local data for dunder-proto@https://registry.npmjs.org/dunder-proto/-/dunder-proto-1.0.1.tgz. Extracting by manifest.
335 silly tarball no local data for hasown@https://registry.npmjs.org/hasown/-/hasown-2.0.2.tgz. Extracting by manifest.
336 silly tarball no local data for has-symbols@https://registry.npmjs.org/has-symbols/-/has-symbols-1.1.0.tgz. Extracting by manifest.
337 silly tarball no local data for gopd@https://registry.npmjs.org/gopd/-/gopd-1.2.0.tgz. Extracting by manifest.
338 silly tarball no local data for get-proto@https://registry.npmjs.org/get-proto/-/get-proto-1.0.1.tgz. Extracting by manifest.
339 silly tarball no local data for function-bind@https://registry.npmjs.org/function-bind/-/function-bind-1.1.2.tgz. Extracting by manifest.
340 silly tarball no local data for es-define-property@https://registry.npmjs.org/es-define-property/-/es-define-property-1.0.1.tgz. Extracting by manifest.
341 silly tarball no local data for get-intrinsic@https://registry.npmjs.org/get-intrinsic/-/get-intrinsic-1.3.0.tgz. Extracting by manifest.
342 silly tarball no local data for es-object-atoms@https://registry.npmjs.org/es-object-atoms/-/es-object-atoms-1.1.1.tgz. Extracting by manifest.
343 silly tarball no local data for call-bind-apply-helpers@https://registry.npmjs.org/call-bind-apply-helpers/-/call-bind-apply-helpers-1.0.2.tgz. Extracting by manifest.
344 silly tarball no local data for side-channel-weakmap@https://registry.npmjs.org/side-channel-weakmap/-/side-channel-weakmap-1.0.2.tgz. Extracting by manifest.
345 silly tarball no local data for side-channel-map@https://registry.npmjs.org/side-channel-map/-/side-channel-map-1.0.1.tgz. Extracting by manifest.
346 silly tarball no local data for side-channel-list@https://registry.npmjs.org/side-channel-list/-/side-channel-list-1.0.0.tgz. Extracting by manifest.
347 silly tarball no local data for object-inspect@https://registry.npmjs.org/object-inspect/-/object-inspect-1.13.4.tgz. Extracting by manifest.
348 silly tarball no local data for es-errors@https://registry.npmjs.org/es-errors/-/es-errors-1.3.0.tgz. Extracting by manifest.
349 silly tarball no local data for path-to-regexp@https://registry.npmjs.org/path-to-regexp/-/path-to-regexp-8.3.0.tgz. Extracting by manifest.
350 silly tarball no local data for call-bound@https://registry.npmjs.org/call-bound/-/call-bound-1.0.4.tgz. Extracting by manifest.
351 silly tarball no local data for is-promise@https://registry.npmjs.org/is-promise/-/is-promise-4.0.0.tgz. Extracting by manifest.
352 silly tarball no local data for unpipe@https://registry.npmjs.org/unpipe/-/unpipe-1.0.0.tgz. Extracting by manifest.
353 silly tarball no local data for ipaddr.js@https://registry.npmjs.org/ipaddr.js/-/ipaddr.js-1.9.1.tgz. Extracting by manifest.
354 silly tarball no local data for side-channel@https://registry.npmjs.org/side-channel/-/side-channel-1.1.0.tgz. Extracting by manifest.
355 silly tarball no local data for forwarded@https://registry.npmjs.org/forwarded/-/forwarded-0.2.0.tgz. Extracting by manifest.
356 silly tarball no local data for wrappy@https://registry.npmjs.org/wrappy/-/wrappy-1.0.2.tgz. Extracting by manifest.
357 silly tarball no local data for ee-first@https://registry.npmjs.org/ee-first/-/ee-first-1.1.1.tgz. Extracting by manifest.
358 silly tarball no local data for mime-db@https://registry.npmjs.org/mime-db/-/mime-db-1.54.0.tgz. Extracting by manifest.
359 silly tarball no local data for safer-buffer@https://registry.npmjs.org/safer-buffer/-/safer-buffer-2.1.2.tgz. Extracting by manifest.
360 silly tarball no local data for toidentifier@https://registry.npmjs.org/toidentifier/-/toidentifier-1.0.1.tgz. Extracting by manifest.
361 silly tarball no local data for setprototypeof@https://registry.npmjs.org/setprototypeof/-/setprototypeof-1.2.0.tgz. Extracting by manifest.
362 silly tarball no local data for inherits@https://registry.npmjs.org/inherits/-/inherits-2.0.4.tgz. Extracting by manifest.
363 silly tarball no local data for depd@https://registry.npmjs.org/depd/-/depd-2.0.0.tgz. Extracting by manifest.
364 silly tarball no local data for safe-buffer@https://registry.npmjs.org/safe-buffer/-/safe-buffer-5.2.1.tgz. Extracting by manifest.
365 silly tarball no local data for statuses@https://registry.npmjs.org/statuses/-/statuses-2.0.2.tgz. Extracting by manifest.
366 silly tarball no local data for negotiator@https://registry.npmjs.org/negotiator/-/negotiator-1.0.0.tgz. Extracting by manifest.
367 silly tarball no local data for send@https://registry.npmjs.org/send/-/send-1.2.0.tgz. Extracting by manifest.
368 silly tarball no local data for router@https://registry.npmjs.org/router/-/router-2.2.0.tgz. Extracting by manifest.
369 silly tarball no local data for serve-static@https://registry.npmjs.org/serve-static/-/serve-static-2.2.0.tgz. Extracting by manifest.
370 silly tarball no local data for range-parser@https://registry.npmjs.org/range-parser/-/range-parser-1.2.1.tgz. Extracting by manifest.
371 silly tarball no local data for proxy-addr@https://registry.npmjs.org/proxy-addr/-/proxy-addr-2.0.7.tgz. Extracting by manifest.
372 silly tarball no local data for parseurl@https://registry.npmjs.org/parseurl/-/parseurl-1.3.3.tgz. Extracting by manifest.
373 silly tarball no local data for mime-types@https://registry.npmjs.org/mime-types/-/mime-types-3.0.1.tgz. Extracting by manifest.
374 silly tarball no local data for once@https://registry.npmjs.org/once/-/once-1.4.0.tgz. Extracting by manifest.
375 silly tarball no local data for fresh@https://registry.npmjs.org/fresh/-/fresh-2.0.0.tgz. Extracting by manifest.
376 silly tarball no local data for etag@https://registry.npmjs.org/etag/-/etag-1.8.1.tgz. Extracting by manifest.
377 silly tarball no local data for finalhandler@https://registry.npmjs.org/finalhandler/-/finalhandler-2.1.0.tgz. Extracting by manifest.
378 silly tarball no local data for escape-html@https://registry.npmjs.org/escape-html/-/escape-html-1.0.3.tgz. Extracting by manifest.
379 silly tarball no local data for encodeurl@https://registry.npmjs.org/encodeurl/-/encodeurl-2.0.0.tgz. Extracting by manifest.
380 silly tarball no local data for cookie-signature@https://registry.npmjs.org/cookie-signature/-/cookie-signature-1.2.2.tgz. Extracting by manifest.
381 silly tarball no local data for cookie@https://registry.npmjs.org/cookie/-/cookie-0.7.2.tgz. Extracting by manifest.
382 silly tarball no local data for content-disposition@https://registry.npmjs.org/content-disposition/-/content-disposition-1.0.0.tgz. Extracting by manifest.
383 silly tarball no local data for accepts@https://registry.npmjs.org/accepts/-/accepts-2.0.0.tgz. Extracting by manifest.
384 silly tarball no local data for ms@https://registry.npmjs.org/ms/-/ms-2.1.3.tgz. Extracting by manifest.
385 silly tarball no local data for vary@https://registry.npmjs.org/vary/-/vary-1.1.2.tgz. Extracting by manifest.
386 silly tarball no local data for type-is@https://registry.npmjs.org/type-is/-/type-is-2.0.1.tgz. Extracting by manifest.
387 silly tarball no local data for raw-body@https://registry.npmjs.org/raw-body/-/raw-body-3.0.1.tgz. Extracting by manifest.
388 silly tarball no local data for qs@https://registry.npmjs.org/qs/-/qs-6.14.0.tgz. Extracting by manifest.
389 silly tarball no local data for http-errors@https://registry.npmjs.org/http-errors/-/http-errors-2.0.0.tgz. Extracting by manifest.
390 silly tarball no local data for on-finished@https://registry.npmjs.org/on-finished/-/on-finished-2.4.1.tgz. Extracting by manifest.
391 silly tarball no local data for iconv-lite@https://registry.npmjs.org/iconv-lite/-/iconv-lite-0.6.3.tgz. Extracting by manifest.
392 silly tarball no local data for debug@https://registry.npmjs.org/debug/-/debug-4.4.3.tgz. Extracting by manifest.
393 silly tarball no local data for content-type@https://registry.npmjs.org/content-type/-/content-type-1.0.5.tgz. Extracting by manifest.
394 silly tarball no local data for bytes@https://registry.npmjs.org/bytes/-/bytes-3.1.2.tgz. Extracting by manifest.
395 silly tarball no local data for express@https://registry.npmjs.org/express/-/express-5.1.0.tgz. Extracting by manifest.
396 silly tarball no local data for cors@https://registry.npmjs.org/cors/-/cors-2.8.5.tgz. Extracting by manifest.
397 silly tarball no local data for body-parser@https://registry.npmjs.org/body-parser/-/body-parser-2.2.0.tgz. Extracting by manifest.
398 silly tarball no local data for iconv-lite@https://registry.npmjs.org/iconv-lite/-/iconv-lite-0.7.0.tgz. Extracting by manifest.
399 silly tarball no local data for statuses@https://registry.npmjs.org/statuses/-/statuses-2.0.1.tgz. Extracting by manifest.
400 silly tarball no local data for object-assign@https://registry.npmjs.org/object-assign/-/object-assign-4.1.1.tgz. Extracting by manifest.
401 silly tarball no local data for media-typer@https://registry.npmjs.org/media-typer/-/media-typer-1.1.0.tgz. Extracting by manifest.
402 silly tarball no local data for merge-descriptors@https://registry.npmjs.org/merge-descriptors/-/merge-descriptors-2.0.0.tgz. Extracting by manifest.
403 http fetch POST 200 https://registry.npmjs.org/-/npm/v1/security/advisories/bulk 547ms
404 timing auditReport:getReport Completed in 551ms
405 silly audit report {}
406 timing auditReport:init Completed in 0ms
407 timing reify:audit Completed in 552ms
408 http fetch GET 200 https://registry.npmjs.org/get-proto/-/get-proto-1.0.1.tgz 691ms (cache miss)
409 http fetch GET 200 https://registry.npmjs.org/hasown/-/hasown-2.0.2.tgz 753ms (cache miss)
410 timing reifyNode:node_modules/hasown Completed in 787ms
411 http fetch GET 200 https://registry.npmjs.org/gopd/-/gopd-1.2.0.tgz 752ms (cache miss)
412 http fetch GET 200 https://registry.npmjs.org/es-define-property/-/es-define-property-1.0.1.tgz 748ms (cache miss)
413 timing reifyNode:node_modules/es-define-property Completed in 788ms
414 timing reifyNode:node_modules/get-proto Completed in 799ms
415 http fetch GET 200 https://registry.npmjs.org/es-object-atoms/-/es-object-atoms-1.1.1.tgz 767ms (cache miss)
416 timing reifyNode:node_modules/gopd Completed in 809ms
417 http fetch GET 200 https://registry.npmjs.org/side-channel-map/-/side-channel-map-1.0.1.tgz 767ms (cache miss)
418 timing reifyNode:node_modules/side-channel-map Completed in 810ms
419 http fetch GET 200 https://registry.npmjs.org/side-channel-weakmap/-/side-channel-weakmap-1.0.2.tgz 768ms (cache miss)
420 timing reifyNode:node_modules/side-channel-weakmap Completed in 811ms
421 timing reifyNode:node_modules/es-object-atoms Completed in 837ms
422 http fetch GET 200 https://registry.npmjs.org/ee-first/-/ee-first-1.1.1.tgz 821ms (cache miss)
423 timing reifyNode:node_modules/ee-first Completed in 877ms
424 http fetch GET 200 https://registry.npmjs.org/toidentifier/-/toidentifier-1.0.1.tgz 822ms (cache miss)
425 timing reifyNode:node_modules/toidentifier Completed in 880ms
426 http fetch GET 200 https://registry.npmjs.org/cookie-signature/-/cookie-signature-1.2.2.tgz 809ms (cache miss)
427 timing reifyNode:node_modules/cookie-signature Completed in 883ms
428 http fetch GET 200 https://registry.npmjs.org/merge-descriptors/-/merge-descriptors-2.0.0.tgz 790ms (cache miss)
429 timing reifyNode:node_modules/merge-descriptors Completed in 886ms
430 http fetch GET 200 https://registry.npmjs.org/inherits/-/inherits-2.0.4.tgz 826ms (cache miss)
431 timing reifyNode:node_modules/inherits Completed in 887ms
432 http fetch GET 200 https://registry.npmjs.org/dunder-proto/-/dunder-proto-1.0.1.tgz 861ms (cache miss)
433 timing reifyNode:node_modules/dunder-proto Completed in 895ms
434 http fetch GET 200 https://registry.npmjs.org/once/-/once-1.4.0.tgz 825ms (cache miss)
435 timing reifyNode:node_modules/once Completed in 894ms
436 http fetch GET 200 https://registry.npmjs.org/forwarded/-/forwarded-0.2.0.tgz 843ms (cache miss)
437 timing reifyNode:node_modules/forwarded Completed in 898ms
438 http fetch GET 200 https://registry.npmjs.org/function-bind/-/function-bind-1.1.2.tgz 863ms (cache miss)
439 timing reifyNode:node_modules/function-bind Completed in 901ms
440 http fetch GET 200 https://registry.npmjs.org/call-bind-apply-helpers/-/call-bind-apply-helpers-1.0.2.tgz 859ms (cache miss)
441 timing reifyNode:node_modules/call-bind-apply-helpers Completed in 902ms
442 http fetch GET 200 https://registry.npmjs.org/encodeurl/-/encodeurl-2.0.0.tgz 828ms (cache miss)
443 timing reifyNode:node_modules/encodeurl Completed in 901ms
444 http fetch GET 200 https://registry.npmjs.org/get-intrinsic/-/get-intrinsic-1.3.0.tgz 862ms (cache miss)
445 timing reifyNode:node_modules/get-intrinsic Completed in 902ms
446 http fetch GET 200 https://registry.npmjs.org/has-symbols/-/has-symbols-1.1.0.tgz 869ms (cache miss)
447 timing reifyNode:node_modules/has-symbols Completed in 904ms
448 http fetch GET 200 https://registry.npmjs.org/escape-html/-/escape-html-1.0.3.tgz 831ms (cache miss)
449 timing reifyNode:node_modules/escape-html Completed in 903ms
450 http fetch GET 200 https://registry.npmjs.org/accepts/-/accepts-2.0.0.tgz 826ms (cache miss)
451 timing reifyNode:node_modules/accepts Completed in 902ms
452 http fetch GET 200 https://registry.npmjs.org/is-promise/-/is-promise-4.0.0.tgz 856ms (cache miss)
453 timing reifyNode:node_modules/is-promise Completed in 905ms
454 http fetch GET 200 https://registry.npmjs.org/wrappy/-/wrappy-1.0.2.tgz 849ms (cache miss)
455 timing reifyNode:node_modules/wrappy Completed in 904ms
456 http fetch GET 200 https://registry.npmjs.org/etag/-/etag-1.8.1.tgz 834ms (cache miss)
457 timing reifyNode:node_modules/etag Completed in 905ms
458 http fetch GET 200 https://registry.npmjs.org/unpipe/-/unpipe-1.0.0.tgz 856ms (cache miss)
459 timing reifyNode:node_modules/unpipe Completed in 906ms
460 http fetch GET 200 https://registry.npmjs.org/on-finished/-/on-finished-2.4.1.tgz 822ms (cache miss)
461 timing reifyNode:node_modules/on-finished Completed in 908ms
462 http fetch GET 200 https://registry.npmjs.org/vary/-/vary-1.1.2.tgz 828ms (cache miss)
463 timing reifyNode:node_modules/vary Completed in 910ms
464 http fetch GET 200 https://registry.npmjs.org/content-type/-/content-type-1.0.5.tgz 823ms (cache miss)
465 timing reifyNode:node_modules/content-type Completed in 910ms
466 http fetch GET 200 https://registry.npmjs.org/ms/-/ms-2.1.3.tgz 835ms (cache miss)
467 timing reifyNode:node_modules/ms Completed in 912ms
468 http fetch GET 200 https://registry.npmjs.org/object-assign/-/object-assign-4.1.1.tgz 820ms (cache miss)
469 timing reifyNode:node_modules/object-assign Completed in 913ms
470 http fetch GET 200 https://registry.npmjs.org/type-is/-/type-is-2.0.1.tgz 831ms (cache miss)
471 timing reifyNode:node_modules/type-is Completed in 913ms
472 http fetch GET 200 https://registry.npmjs.org/bytes/-/bytes-3.1.2.tgz 826ms (cache miss)
473 timing reifyNode:node_modules/bytes Completed in 915ms
474 http fetch GET 200 https://registry.npmjs.org/setprototypeof/-/setprototypeof-1.2.0.tgz 858ms (cache miss)
475 timing reifyNode:node_modules/setprototypeof Completed in 917ms
476 http fetch GET 200 https://registry.npmjs.org/fresh/-/fresh-2.0.0.tgz 849ms (cache miss)
477 timing reifyNode:node_modules/fresh Completed in 919ms
478 http fetch GET 200 https://registry.npmjs.org/finalhandler/-/finalhandler-2.1.0.tgz 847ms (cache miss)
479 timing reifyNode:node_modules/finalhandler Completed in 919ms
480 http fetch GET 200 https://registry.npmjs.org/statuses/-/statuses-2.0.1.tgz 828ms (cache miss)
481 timing reifyNode:node_modules/http-errors/node_modules/statuses Completed in 919ms
482 http fetch GET 200 https://registry.npmjs.org/cors/-/cors-2.8.5.tgz 830ms (cache miss)
483 timing reifyNode:node_modules/cors Completed in 920ms
484 http fetch GET 200 https://registry.npmjs.org/media-typer/-/media-typer-1.1.0.tgz 829ms (cache miss)
485 timing reifyNode:node_modules/media-typer Completed in 925ms
486 http fetch GET 200 https://registry.npmjs.org/proxy-addr/-/proxy-addr-2.0.7.tgz 859ms (cache miss)
487 timing reifyNode:node_modules/proxy-addr Completed in 926ms
488 http fetch GET 200 https://registry.npmjs.org/http-errors/-/http-errors-2.0.0.tgz 842ms (cache miss)
489 timing reifyNode:node_modules/http-errors Completed in 926ms
490 http fetch GET 200 https://registry.npmjs.org/statuses/-/statuses-2.0.2.tgz 866ms (cache miss)
491 timing reifyNode:node_modules/statuses Completed in 928ms
492 http fetch GET 200 https://registry.npmjs.org/range-parser/-/range-parser-1.2.1.tgz 862ms (cache miss)
493 timing reifyNode:node_modules/range-parser Completed in 928ms
494 http fetch GET 200 https://registry.npmjs.org/parseurl/-/parseurl-1.3.3.tgz 861ms (cache miss)
495 timing reifyNode:node_modules/parseurl Completed in 929ms
496 http fetch GET 200 https://registry.npmjs.org/content-disposition/-/content-disposition-1.0.0.tgz 854ms (cache miss)
497 timing reifyNode:node_modules/content-disposition Completed in 929ms
498 http fetch GET 200 https://registry.npmjs.org/serve-static/-/serve-static-2.2.0.tgz 865ms (cache miss)
499 timing reifyNode:node_modules/serve-static Completed in 931ms
500 http fetch GET 200 https://registry.npmjs.org/side-channel-list/-/side-channel-list-1.0.0.tgz 892ms (cache miss)
501 timing reifyNode:node_modules/side-channel-list Completed in 936ms
502 http fetch GET 200 https://registry.npmjs.org/mime-types/-/mime-types-3.0.1.tgz 866ms (cache miss)
503 timing reifyNode:node_modules/mime-types Completed in 935ms
504 http fetch GET 200 https://registry.npmjs.org/negotiator/-/negotiator-1.0.0.tgz 875ms (cache miss)
505 timing reifyNode:node_modules/negotiator Completed in 938ms
506 http fetch GET 200 https://registry.npmjs.org/cookie/-/cookie-0.7.2.tgz 864ms (cache miss)
507 timing reifyNode:node_modules/cookie Completed in 939ms
508 http fetch GET 200 https://registry.npmjs.org/depd/-/depd-2.0.0.tgz 879ms (cache miss)
509 timing reifyNode:node_modules/depd Completed in 940ms
510 http fetch GET 200 https://registry.npmjs.org/safe-buffer/-/safe-buffer-5.2.1.tgz 881ms (cache miss)
511 timing reifyNode:node_modules/safe-buffer Completed in 942ms
512 http fetch GET 200 https://registry.npmjs.org/raw-body/-/raw-body-3.0.1.tgz 860ms (cache miss)
513 timing reifyNode:node_modules/raw-body Completed in 943ms
514 http fetch GET 200 https://registry.npmjs.org/safer-buffer/-/safer-buffer-2.1.2.tgz 887ms (cache miss)
515 timing reifyNode:node_modules/safer-buffer Completed in 945ms
516 http fetch GET 200 https://registry.npmjs.org/ipaddr.js/-/ipaddr.js-1.9.1.tgz 893ms (cache miss)
517 timing reifyNode:node_modules/ipaddr.js Completed in 946ms
518 http fetch GET 200 https://registry.npmjs.org/es-errors/-/es-errors-1.3.0.tgz 904ms (cache miss)
519 http fetch GET 200 https://registry.npmjs.org/side-channel/-/side-channel-1.1.0.tgz 894ms (cache miss)
520 timing reifyNode:node_modules/side-channel Completed in 948ms
521 http fetch GET 200 https://registry.npmjs.org/send/-/send-1.2.0.tgz 885ms (cache miss)
522 timing reifyNode:node_modules/send Completed in 949ms
523 http fetch GET 200 https://registry.npmjs.org/path-to-regexp/-/path-to-regexp-8.3.0.tgz 904ms (cache miss)
524 timing reifyNode:node_modules/path-to-regexp Completed in 951ms
525 http fetch GET 200 https://registry.npmjs.org/call-bound/-/call-bound-1.0.4.tgz 905ms (cache miss)
526 timing reifyNode:node_modules/call-bound Completed in 952ms
527 timing reifyNode:node_modules/es-errors Completed in 953ms
528 http fetch GET 200 https://registry.npmjs.org/debug/-/debug-4.4.3.tgz 867ms (cache miss)
529 timing reifyNode:node_modules/debug Completed in 953ms
530 http fetch GET 200 https://registry.npmjs.org/router/-/router-2.2.0.tgz 890ms (cache miss)
531 timing reifyNode:node_modules/router Completed in 956ms
532 http fetch GET 200 https://registry.npmjs.org/math-intrinsics/-/math-intrinsics-1.1.0.tgz 932ms (cache miss)
533 timing reifyNode:node_modules/math-intrinsics Completed in 969ms
534 http fetch GET 200 https://registry.npmjs.org/mime-db/-/mime-db-1.54.0.tgz 911ms (cache miss)
535 timing reifyNode:node_modules/mime-db Completed in 968ms
536 http fetch GET 200 https://registry.npmjs.org/body-parser/-/body-parser-2.2.0.tgz 882ms (cache miss)
537 timing reifyNode:node_modules/body-parser Completed in 972ms
538 http fetch GET 200 https://registry.npmjs.org/express/-/express-5.1.0.tgz 905ms (cache miss)
539 timing reifyNode:node_modules/express Completed in 993ms
540 http fetch GET 200 https://registry.npmjs.org/object-inspect/-/object-inspect-1.13.4.tgz 952ms (cache miss)
541 timing reifyNode:node_modules/object-inspect Completed in 996ms
542 http fetch GET 200 https://registry.npmjs.org/qs/-/qs-6.14.0.tgz 912ms (cache miss)
543 timing reifyNode:node_modules/qs Completed in 995ms
544 http fetch GET 200 https://registry.npmjs.org/iconv-lite/-/iconv-lite-0.6.3.tgz 936ms (cache miss)
545 http fetch GET 200 https://registry.npmjs.org/iconv-lite/-/iconv-lite-0.7.0.tgz 933ms (cache miss)
546 timing reifyNode:node_modules/raw-body/node_modules/iconv-lite Completed in 1023ms
547 timing reifyNode:node_modules/iconv-lite Completed in 1023ms
548 timing reify:unpack Completed in 1026ms
549 timing reify:unretire Completed in 0ms
550 timing build:queue Completed in 2ms
551 timing build:deps Completed in 2ms
552 timing build Completed in 3ms
553 timing reify:build Completed in 3ms
554 timing reify:trash Completed in 0ms
555 timing reify:save Completed in 30ms
556 timing reify Completed in 2916ms
557 silly ADD node_modules/media-typer
558 silly ADD node_modules/dunder-proto
559 silly ADD node_modules/math-intrinsics
560 silly ADD node_modules/hasown
561 silly ADD node_modules/has-symbols
562 silly ADD node_modules/gopd
563 silly ADD node_modules/get-proto
564 silly ADD node_modules/es-object-atoms
565 silly ADD node_modules/es-define-property
566 silly ADD node_modules/function-bind
567 silly ADD node_modules/call-bind-apply-helpers
568 silly ADD node_modules/get-intrinsic
569 silly ADD node_modules/call-bound
570 silly ADD node_modules/side-channel-weakmap
571 silly ADD node_modules/side-channel-map
572 silly ADD node_modules/side-channel-list
573 silly ADD node_modules/object-inspect
574 silly ADD node_modules/es-errors
575 silly ADD node_modules/path-to-regexp
576 silly ADD node_modules/is-promise
577 silly ADD node_modules/unpipe
578 silly ADD node_modules/side-channel
579 silly ADD node_modules/ipaddr.js
580 silly ADD node_modules/forwarded
581 silly ADD node_modules/wrappy
582 silly ADD node_modules/ee-first
583 silly ADD node_modules/mime-db
584 silly ADD node_modules/safer-buffer
585 silly ADD node_modules/toidentifier
586 silly ADD node_modules/setprototypeof
587 silly ADD node_modules/inherits
588 silly ADD node_modules/depd
589 silly ADD node_modules/safe-buffer
590 silly ADD node_modules/negotiator
591 silly ADD node_modules/statuses
592 silly ADD node_modules/serve-static
593 silly ADD node_modules/send
594 silly ADD node_modules/router
595 silly ADD node_modules/range-parser
596 silly ADD node_modules/proxy-addr
597 silly ADD node_modules/parseurl
598 silly ADD node_modules/once
599 silly ADD node_modules/mime-types
600 silly ADD node_modules/merge-descriptors
601 silly ADD node_modules/fresh
602 silly ADD node_modules/finalhandler
603 silly ADD node_modules/etag
604 silly ADD node_modules/escape-html
605 silly ADD node_modules/encodeurl
606 silly ADD node_modules/cookie-signature
607 silly ADD node_modules/cookie
608 silly ADD node_modules/content-disposition
609 silly ADD node_modules/accepts
610 silly ADD node_modules/ms
611 silly ADD node_modules/vary
612 silly ADD node_modules/object-assign
613 silly ADD node_modules/type-is
614 silly ADD node_modules/raw-body
615 silly ADD node_modules/raw-body/node_modules/iconv-lite
616 silly ADD node_modules/qs
617 silly ADD node_modules/on-finished
618 silly ADD node_modules/iconv-lite
619 silly ADD node_modules/http-errors
620 silly ADD node_modules/http-errors/node_modules/statuses
621 silly ADD node_modules/debug
622 silly ADD node_modules/content-type
623 silly ADD node_modules/bytes
624 silly ADD node_modules/express
625 silly ADD node_modules/cors
626 silly ADD node_modules/body-parser
627 timing command:install Completed in 2924ms
628 notice
628 notice New major version of npm available! 10.2.3 -> 11.6.0
628 notice Changelog: <https://github.com/npm/cli/releases/tag/v11.6.0>
628 notice Run `npm install -g npm@11.6.0` to update!
628 notice
629 verbose exit 0
630 timing npm Completed in 3220ms
631 info ok
