0 verbose cli /usr/local/bin/node /usr/local/bin/npm
1 info using npm@10.2.3
2 info using node@v20.9.0
3 timing npm:load:whichnode Completed in 1ms
4 timing config:load:defaults Completed in 1ms
5 timing config:load:file:/usr/local/lib/node_modules/npm/npmrc Completed in 1ms
6 timing config:load:builtin Completed in 1ms
7 timing config:load:cli Completed in 2ms
8 timing config:load:env Completed in 1ms
9 timing config:load:file:/Users/pawan-home/Desktop/Mern_course_/user-authentication-service/.npmrc Completed in 0ms
10 timing config:load:project Completed in 1ms
11 timing config:load:file:/Users/pawan-home/.npmrc Completed in 0ms
12 timing config:load:user Completed in 0ms
13 timing config:load:file:/usr/local/etc/npmrc Completed in 0ms
14 timing config:load:global Completed in 0ms
15 timing config:load:setEnvs Completed in 1ms
16 timing config:load Completed in 7ms
17 timing npm:load:configload Completed in 7ms
18 timing config:load:flatten Completed in 2ms
19 timing npm:load:mkdirpcache Completed in 0ms
20 timing npm:load:mkdirplogs Completed in 1ms
21 verbose title npm install express mongoose jsonwebtoken bcryptjs body-parser cors
22 verbose argv "install" "express" "mongoose" "jsonwebtoken" "bcryptjs" "body-parser" "cors" "--cache" "./.npm-cache"
23 timing npm:load:setTitle Completed in 19ms
24 timing npm:load:display Completed in 0ms
25 verbose logfile logs-max:10 dir:/Users/pawan-home/Desktop/Mern_course_/user-authentication-service/.npm-cache/_logs/2025-09-18T17_45_35_187Z-
26 verbose logfile /Users/pawan-home/Desktop/Mern_course_/user-authentication-service/.npm-cache/_logs/2025-09-18T17_45_35_187Z-debug-0.log
27 timing npm:load:logFile Completed in 9ms
28 timing npm:load:timers Completed in 0ms
29 timing npm:load:configScope Completed in 0ms
30 timing npm:load Completed in 50ms
31 timing arborist:ctor Completed in 1ms
32 silly logfile done cleaning log files
33 timing arborist:ctor Completed in 1ms
34 timing idealTree:init Completed in 12ms
35 timing idealTree:userRequests Completed in 3ms
36 silly idealTree buildDeps
37 silly fetch manifest express@*
38 http fetch GET 200 https://registry.npmjs.org/express 305ms (cache miss)
39 silly fetch manifest mongoose@*
40 http fetch GET 200 https://registry.npmjs.org/npm 558ms (cache miss)
41 http fetch GET 200 https://registry.npmjs.org/mongoose 467ms (cache miss)
42 silly fetch manifest jsonwebtoken@*
43 http fetch GET 200 https://registry.npmjs.org/jsonwebtoken 132ms (cache miss)
44 silly fetch manifest bcryptjs@*
45 http fetch GET 200 https://registry.npmjs.org/bcryptjs 98ms (cache miss)
46 silly fetch manifest body-parser@*
47 http fetch GET 200 https://registry.npmjs.org/body-parser 248ms (cache miss)
48 silly fetch manifest cors@*
49 http fetch GET 200 https://registry.npmjs.org/cors 117ms (cache miss)
50 silly placeDep ROOT bcryptjs@3.0.2 OK for: user-authentication-service@1.0.0 want: *
51 silly placeDep ROOT body-parser@2.2.0 OK for: user-authentication-service@1.0.0 want: *
52 silly fetch manifest bytes@^3.1.2
53 silly fetch manifest content-type@^1.0.5
54 silly fetch manifest debug@^4.4.0
55 silly fetch manifest http-errors@^2.0.0
56 silly fetch manifest iconv-lite@^0.6.3
57 silly fetch manifest on-finished@^2.4.1
58 silly fetch manifest qs@^6.14.0
59 silly fetch manifest raw-body@^3.0.0
60 silly fetch manifest type-is@^2.0.0
61 silly placeDep ROOT cors@2.8.5 OK for: user-authentication-service@1.0.0 want: *
62 silly fetch manifest vary@^1
63 silly fetch manifest object-assign@^4
64 silly placeDep ROOT express@5.1.0 OK for: user-authentication-service@1.0.0 want: *
65 silly fetch manifest etag@^1.8.1
66 silly fetch manifest once@^1.4.0
67 silly fetch manifest send@^1.1.0
68 silly fetch manifest vary@^1.1.2
69 silly fetch manifest fresh@^2.0.0
70 silly fetch manifest cookie@^0.7.1
71 silly fetch manifest router@^2.2.0
72 silly fetch manifest accepts@^2.0.0
73 silly fetch manifest type-is@^2.0.1
74 silly fetch manifest parseurl@^1.3.3
75 silly fetch manifest statuses@^2.0.1
76 silly fetch manifest encodeurl@^2.0.0
77 silly fetch manifest mime-types@^3.0.0
78 silly fetch manifest proxy-addr@^2.0.7
79 silly fetch manifest escape-html@^1.0.3
80 silly fetch manifest finalhandler@^2.1.0
81 silly fetch manifest range-parser@^1.2.1
82 silly fetch manifest serve-static@^2.2.0
83 silly fetch manifest cookie-signature@^1.2.1
84 silly fetch manifest merge-descriptors@^2.0.0
85 silly fetch manifest content-disposition@^1.0.0
86 silly placeDep ROOT jsonwebtoken@9.0.2 OK for: user-authentication-service@1.0.0 want: *
87 silly fetch manifest ms@^2.1.1
88 silly fetch manifest jws@^3.2.2
89 silly fetch manifest semver@^7.5.4
90 silly fetch manifest lodash.once@^4.0.0
91 silly fetch manifest lodash.includes@^4.3.0
92 silly fetch manifest lodash.isnumber@^3.0.3
93 silly fetch manifest lodash.isstring@^4.0.1
94 silly fetch manifest lodash.isboolean@^3.0.3
95 silly fetch manifest lodash.isinteger@^4.0.4
96 silly fetch manifest lodash.isplainobject@^4.0.6
97 silly placeDep ROOT mongoose@8.18.1 OK for: user-authentication-service@1.0.0 want: *
98 silly fetch manifest bson@^6.10.4
99 silly fetch manifest kareem@2.6.3
100 silly fetch manifest mongodb@~6.18.0
101 silly fetch manifest mpath@0.9.0
102 silly fetch manifest mquery@5.0.0
103 silly fetch manifest ms@2.1.3
104 silly fetch manifest sift@17.1.3
105 http fetch GET 200 https://registry.npmjs.org/bytes 166ms (cache miss)
106 http fetch GET 200 https://registry.npmjs.org/content-type 179ms (cache miss)
107 http fetch GET 200 https://registry.npmjs.org/object-assign 511ms (cache miss)
108 http fetch GET 200 https://registry.npmjs.org/http-errors 518ms (cache miss)
109 http fetch GET 200 https://registry.npmjs.org/send 512ms (cache miss)
110 http fetch GET 200 https://registry.npmjs.org/iconv-lite 519ms (cache miss)
111 http fetch GET 200 https://registry.npmjs.org/accepts 522ms (cache miss)
112 http fetch GET 200 https://registry.npmjs.org/raw-body 531ms (cache miss)
113 http fetch GET 200 https://registry.npmjs.org/on-finished 537ms (cache miss)
114 http fetch GET 200 https://registry.npmjs.org/range-parser 495ms (cache miss)
115 http fetch GET 200 https://registry.npmjs.org/debug 548ms (cache miss)
116 http fetch GET 200 https://registry.npmjs.org/kareem 491ms (cache miss)
117 http fetch GET 200 https://registry.npmjs.org/jws 501ms (cache miss)
118 http fetch GET 200 https://registry.npmjs.org/vary 549ms (cache miss)
119 http fetch GET 200 https://registry.npmjs.org/statuses 521ms (cache miss)
120 http fetch GET 200 https://registry.npmjs.org/qs 558ms (cache miss)
121 http fetch GET 200 https://registry.npmjs.org/vary 559ms (cache miss)
122 http fetch GET 200 https://registry.npmjs.org/etag 558ms (cache miss)
123 http fetch GET 200 https://registry.npmjs.org/content-disposition 516ms (cache miss)
124 http fetch GET 200 https://registry.npmjs.org/proxy-addr 526ms (cache miss)
125 http fetch GET 200 https://registry.npmjs.org/once 561ms (cache miss)
126 http fetch GET 200 https://registry.npmjs.org/type-is 565ms (cache miss)
127 http fetch GET 200 https://registry.npmjs.org/parseurl 531ms (cache miss)
128 http fetch GET 200 https://registry.npmjs.org/router 562ms (cache miss)
129 http fetch GET 200 https://registry.npmjs.org/finalhandler 529ms (cache miss)
130 http fetch GET 200 https://registry.npmjs.org/merge-descriptors 557ms (cache miss)
131 http fetch GET 200 https://registry.npmjs.org/encodeurl 567ms (cache miss)
132 http fetch GET 200 https://registry.npmjs.org/type-is 595ms (cache miss)
133 http fetch GET 200 https://registry.npmjs.org/mpath 544ms (cache miss)
134 http fetch GET 200 https://registry.npmjs.org/fresh 600ms (cache miss)
135 http fetch GET 200 https://registry.npmjs.org/mime-types 570ms (cache miss)
136 http fetch GET 200 https://registry.npmjs.org/cookie 601ms (cache miss)
137 http fetch GET 200 https://registry.npmjs.org/ms 561ms (cache miss)
138 http fetch GET 200 https://registry.npmjs.org/lodash.isinteger 582ms (cache miss)
139 http fetch GET 200 https://registry.npmjs.org/escape-html 599ms (cache miss)
140 http fetch GET 200 https://registry.npmjs.org/lodash.includes 587ms (cache miss)
141 http fetch GET 200 https://registry.npmjs.org/serve-static 598ms (cache miss)
142 http fetch GET 200 https://registry.npmjs.org/cookie-signature 613ms (cache miss)
143 http fetch GET 200 https://registry.npmjs.org/semver 609ms (cache miss)
144 http fetch GET 200 https://registry.npmjs.org/lodash.once 610ms (cache miss)
145 http fetch GET 200 https://registry.npmjs.org/lodash.isnumber 609ms (cache miss)
146 http fetch GET 200 https://registry.npmjs.org/lodash.isplainobject 607ms (cache miss)
147 http fetch GET 200 https://registry.npmjs.org/bson 606ms (cache miss)
148 http fetch GET 200 https://registry.npmjs.org/lodash.isstring 792ms (cache miss)
149 http fetch GET 200 https://registry.npmjs.org/sift 779ms (cache miss)
150 http fetch GET 200 https://registry.npmjs.org/lodash.isboolean 800ms (cache miss)
151 http fetch GET 200 https://registry.npmjs.org/ms 790ms (cache miss)
152 http fetch GET 200 https://registry.npmjs.org/mquery 799ms (cache miss)
153 http fetch GET 200 https://registry.npmjs.org/mongodb 890ms (cache miss)
154 timing idealTree:#root Completed in 2370ms
155 timing idealTree:node_modules/bcryptjs Completed in 0ms
156 silly placeDep ROOT bytes@3.1.2 OK for: body-parser@2.2.0 want: ^3.1.2
157 silly placeDep ROOT content-type@1.0.5 OK for: body-parser@2.2.0 want: ^1.0.5
158 silly placeDep ROOT debug@4.4.3 OK for: body-parser@2.2.0 want: ^4.4.0
159 silly fetch manifest ms@^2.1.3
160 silly placeDep ROOT http-errors@2.0.0 OK for: body-parser@2.2.0 want: ^2.0.0
161 silly fetch manifest depd@2.0.0
162 silly fetch manifest inherits@2.0.4
163 silly fetch manifest statuses@2.0.1
164 silly fetch manifest toidentifier@1.0.1
165 silly fetch manifest setprototypeof@1.2.0
166 silly placeDep ROOT iconv-lite@0.6.3 OK for: body-parser@2.2.0 want: ^0.6.3
167 silly fetch manifest safer-buffer@>= 2.1.2 < 3.0.0
168 silly placeDep ROOT on-finished@2.4.1 OK for: body-parser@2.2.0 want: ^2.4.1
169 silly fetch manifest ee-first@1.1.1
170 silly placeDep ROOT qs@6.14.0 OK for: body-parser@2.2.0 want: ^6.14.0
171 silly fetch manifest side-channel@^1.1.0
172 silly placeDep ROOT raw-body@3.0.1 OK for: body-parser@2.2.0 want: ^3.0.0
173 silly fetch manifest iconv-lite@0.7.0
174 silly fetch manifest unpipe@1.0.0
175 silly placeDep ROOT type-is@2.0.1 OK for: body-parser@2.2.0 want: ^2.0.0
176 silly fetch manifest media-typer@^1.1.0
177 http fetch GET 200 https://registry.npmjs.org/depd 121ms (cache miss)
178 http fetch GET 200 https://registry.npmjs.org/inherits 125ms (cache miss)
179 http fetch GET 200 https://registry.npmjs.org/toidentifier 126ms (cache miss)
180 http fetch GET 200 https://registry.npmjs.org/ee-first 127ms (cache miss)
181 http fetch GET 200 https://registry.npmjs.org/safer-buffer 129ms (cache miss)
182 http fetch GET 200 https://registry.npmjs.org/setprototypeof 131ms (cache miss)
183 http fetch GET 200 https://registry.npmjs.org/side-channel 151ms (cache miss)
184 http fetch GET 200 https://registry.npmjs.org/unpipe 158ms (cache miss)
185 http fetch GET 200 https://registry.npmjs.org/media-typer 156ms (cache miss)
186 timing idealTree:node_modules/body-parser Completed in 176ms
187 timing idealTree:node_modules/bytes Completed in 0ms
188 timing idealTree:node_modules/content-type Completed in 0ms
189 silly placeDep ROOT object-assign@4.1.1 OK for: cors@2.8.5 want: ^4
190 silly placeDep ROOT vary@1.1.2 OK for: cors@2.8.5 want: ^1
191 timing idealTree:node_modules/cors Completed in 2ms
192 silly placeDep ROOT ms@2.1.3 OK for: debug@4.4.3 want: ^2.1.3
193 timing idealTree:node_modules/debug Completed in 1ms
194 silly placeDep ROOT accepts@2.0.0 OK for: express@5.1.0 want: ^2.0.0
195 silly fetch manifest negotiator@^1.0.0
196 silly placeDep ROOT content-disposition@1.0.0 OK for: express@5.1.0 want: ^1.0.0
197 silly fetch manifest safe-buffer@5.2.1
198 silly placeDep ROOT cookie@0.7.2 OK for: express@5.1.0 want: ^0.7.1
199 silly placeDep ROOT cookie-signature@1.2.2 OK for: express@5.1.0 want: ^1.2.1
200 silly placeDep ROOT encodeurl@2.0.0 OK for: express@5.1.0 want: ^2.0.0
201 silly placeDep ROOT escape-html@1.0.3 OK for: express@5.1.0 want: ^1.0.3
202 silly placeDep ROOT etag@1.8.1 OK for: express@5.1.0 want: ^1.8.1
203 silly placeDep ROOT finalhandler@2.1.0 OK for: express@5.1.0 want: ^2.1.0
204 silly placeDep ROOT fresh@2.0.0 OK for: express@5.1.0 want: ^2.0.0
205 silly placeDep ROOT merge-descriptors@2.0.0 OK for: express@5.1.0 want: ^2.0.0
206 silly placeDep ROOT mime-types@3.0.1 OK for: express@5.1.0 want: ^3.0.0
207 silly fetch manifest mime-db@^1.54.0
208 silly placeDep ROOT once@1.4.0 OK for: express@5.1.0 want: ^1.4.0
209 silly fetch manifest wrappy@1
210 silly placeDep ROOT parseurl@1.3.3 OK for: express@5.1.0 want: ^1.3.3
211 silly placeDep ROOT proxy-addr@2.0.7 OK for: express@5.1.0 want: ^2.0.7
212 silly fetch manifest forwarded@0.2.0
213 silly fetch manifest ipaddr.js@1.9.1
214 silly placeDep ROOT range-parser@1.2.1 OK for: express@5.1.0 want: ^1.2.1
215 silly placeDep ROOT router@2.2.0 OK for: express@5.1.0 want: ^2.2.0
216 silly fetch manifest depd@^2.0.0
217 silly fetch manifest is-promise@^4.0.0
218 silly fetch manifest path-to-regexp@^8.0.0
219 silly placeDep ROOT send@1.2.0 OK for: express@5.1.0 want: ^1.1.0
220 silly placeDep ROOT serve-static@2.2.0 OK for: express@5.1.0 want: ^2.2.0
221 silly placeDep ROOT statuses@2.0.2 OK for: express@5.1.0 want: ^2.0.1
222 http fetch GET 200 https://registry.npmjs.org/negotiator 106ms (cache miss)
223 http fetch GET 200 https://registry.npmjs.org/wrappy 139ms (cache miss)
224 http fetch GET 200 https://registry.npmjs.org/safe-buffer 149ms (cache miss)
225 http fetch GET 200 https://registry.npmjs.org/ipaddr.js 139ms (cache miss)
226 http fetch GET 200 https://registry.npmjs.org/mime-db 143ms (cache miss)
227 http fetch GET 200 https://registry.npmjs.org/forwarded 141ms (cache miss)
228 http fetch GET 200 https://registry.npmjs.org/is-promise 147ms (cache miss)
229 http fetch GET 200 https://registry.npmjs.org/path-to-regexp 147ms (cache miss)
230 timing idealTree:node_modules/express Completed in 171ms
231 silly placeDep ROOT negotiator@1.0.0 OK for: accepts@2.0.0 want: ^1.0.0
232 timing idealTree:node_modules/accepts Completed in 1ms
233 silly placeDep ROOT safe-buffer@5.2.1 OK for: content-disposition@1.0.0 want: 5.2.1
234 timing idealTree:node_modules/content-disposition Completed in 1ms
235 timing idealTree:node_modules/cookie Completed in 0ms
236 timing idealTree:node_modules/cookie-signature Completed in 1ms
237 timing idealTree:node_modules/encodeurl Completed in 0ms
238 timing idealTree:node_modules/escape-html Completed in 0ms
239 timing idealTree:node_modules/etag Completed in 0ms
240 timing idealTree:node_modules/finalhandler Completed in 0ms
241 timing idealTree:node_modules/fresh Completed in 0ms
242 silly placeDep ROOT depd@2.0.0 OK for: http-errors@2.0.0 want: 2.0.0
243 silly placeDep ROOT inherits@2.0.4 OK for: http-errors@2.0.0 want: 2.0.4
244 silly placeDep ROOT setprototypeof@1.2.0 OK for: http-errors@2.0.0 want: 1.2.0
245 silly placeDep node_modules/http-errors statuses@2.0.1 OK for: http-errors@2.0.0 want: 2.0.1
246 silly placeDep ROOT toidentifier@1.0.1 OK for: http-errors@2.0.0 want: 1.0.1
247 timing idealTree:node_modules/http-errors Completed in 5ms
248 timing idealTree:node_modules/depd Completed in 0ms
249 silly placeDep ROOT safer-buffer@2.1.2 OK for: iconv-lite@0.6.3 want: >= 2.1.2 < 3.0.0
250 timing idealTree:node_modules/iconv-lite Completed in 2ms
251 timing idealTree:node_modules/inherits Completed in 0ms
252 silly placeDep ROOT jws@3.2.2 OK for: jsonwebtoken@9.0.2 want: ^3.2.2
253 silly fetch manifest jwa@^1.4.1
254 silly placeDep ROOT lodash.includes@4.3.0 OK for: jsonwebtoken@9.0.2 want: ^4.3.0
255 silly placeDep ROOT lodash.isboolean@3.0.3 OK for: jsonwebtoken@9.0.2 want: ^3.0.3
256 silly placeDep ROOT lodash.isinteger@4.0.4 OK for: jsonwebtoken@9.0.2 want: ^4.0.4
257 silly placeDep ROOT lodash.isnumber@3.0.3 OK for: jsonwebtoken@9.0.2 want: ^3.0.3
258 silly placeDep ROOT lodash.isplainobject@4.0.6 OK for: jsonwebtoken@9.0.2 want: ^4.0.6
259 silly placeDep ROOT lodash.isstring@4.0.1 OK for: jsonwebtoken@9.0.2 want: ^4.0.1
260 silly placeDep ROOT lodash.once@4.1.1 OK for: jsonwebtoken@9.0.2 want: ^4.0.0
261 silly placeDep ROOT semver@7.7.2 OK for: jsonwebtoken@9.0.2 want: ^7.5.4
262 http fetch GET 200 https://registry.npmjs.org/jwa 72ms (cache miss)
263 timing idealTree:node_modules/jsonwebtoken Completed in 77ms
264 silly placeDep ROOT jwa@1.4.2 OK for: jws@3.2.2 want: ^1.4.1
265 silly fetch manifest ecdsa-sig-formatter@1.0.11
266 silly fetch manifest buffer-equal-constant-time@^1.0.1
267 http fetch GET 200 https://registry.npmjs.org/ecdsa-sig-formatter 187ms (cache miss)
268 http fetch GET 200 https://registry.npmjs.org/buffer-equal-constant-time 191ms (cache miss)
269 timing idealTree:node_modules/jws Completed in 194ms
270 silly placeDep ROOT buffer-equal-constant-time@1.0.1 OK for: jwa@1.4.2 want: ^1.0.1
271 silly placeDep ROOT ecdsa-sig-formatter@1.0.11 OK for: jwa@1.4.2 want: 1.0.11
272 timing idealTree:node_modules/jwa Completed in 2ms
273 timing idealTree:node_modules/buffer-equal-constant-time Completed in 0ms
274 timing idealTree:node_modules/ecdsa-sig-formatter Completed in 0ms
275 timing idealTree:node_modules/lodash.includes Completed in 0ms
276 timing idealTree:node_modules/lodash.isboolean Completed in 0ms
277 timing idealTree:node_modules/lodash.isinteger Completed in 0ms
278 timing idealTree:node_modules/lodash.isnumber Completed in 0ms
279 timing idealTree:node_modules/lodash.isplainobject Completed in 0ms
280 timing idealTree:node_modules/lodash.isstring Completed in 0ms
281 timing idealTree:node_modules/lodash.once Completed in 0ms
282 timing idealTree:node_modules/merge-descriptors Completed in 0ms
283 silly placeDep ROOT mime-db@1.54.0 OK for: mime-types@3.0.1 want: ^1.54.0
284 timing idealTree:node_modules/mime-types Completed in 1ms
285 timing idealTree:node_modules/mime-db Completed in 0ms
286 silly fetch manifest @aws-sdk/credential-providers@^3.188.0
287 http fetch GET 200 https://registry.npmjs.org/@aws-sdk%2fcredential-providers 102ms (cache miss)
288 silly fetch manifest @mongodb-js/zstd@^1.1.0 || ^2.0.0
289 http fetch GET 200 https://registry.npmjs.org/@mongodb-js%2fzstd 108ms (cache miss)
290 silly fetch manifest gcp-metadata@^5.2.0
291 http fetch GET 200 https://registry.npmjs.org/gcp-metadata 142ms (cache miss)
292 silly fetch manifest kerberos@^2.0.1
293 http fetch GET 200 https://registry.npmjs.org/kerberos 66ms (cache miss)
294 silly fetch manifest mongodb-client-encryption@>=6.0.0 <7
295 http fetch GET 200 https://registry.npmjs.org/mongodb-client-encryption 100ms (cache miss)
296 silly fetch manifest snappy@^7.2.2
297 http fetch GET 200 https://registry.npmjs.org/snappy 83ms (cache miss)
298 silly fetch manifest socks@^2.7.1
299 http fetch GET 200 https://registry.npmjs.org/socks 59ms (cache miss)
300 silly placeDep ROOT bson@6.10.4 OK for: mongoose@8.18.1 want: ^6.10.4
301 silly placeDep ROOT kareem@2.6.3 OK for: mongoose@8.18.1 want: 2.6.3
302 silly placeDep ROOT mongodb@6.18.0 OK for: mongoose@8.18.1 want: ~6.18.0
303 silly fetch manifest @mongodb-js/saslprep@^1.1.9
304 silly fetch manifest mongodb-connection-string-url@^3.0.0
305 silly placeDep ROOT mpath@0.9.0 OK for: mongoose@8.18.1 want: 0.9.0
306 silly placeDep ROOT mquery@5.0.0 OK for: mongoose@8.18.1 want: 5.0.0
307 silly placeDep ROOT sift@17.1.3 OK for: mongoose@8.18.1 want: 17.1.3
308 http fetch GET 200 https://registry.npmjs.org/mongodb-connection-string-url 107ms (cache miss)
309 http fetch GET 200 https://registry.npmjs.org/@mongodb-js%2fsaslprep 398ms (cache miss)
310 timing idealTree:node_modules/mongoose Completed in 1082ms
311 timing idealTree:node_modules/bson Completed in 0ms
312 timing idealTree:node_modules/kareem Completed in 0ms
313 silly placeDep ROOT @mongodb-js/saslprep@1.3.0 OK for: mongodb@6.18.0 want: ^1.1.9
314 silly fetch manifest sparse-bitfield@^3.0.3
315 silly placeDep ROOT mongodb-connection-string-url@3.0.2 OK for: mongodb@6.18.0 want: ^3.0.0
316 silly fetch manifest whatwg-url@^14.1.0 || ^13.0.0
317 silly fetch manifest @types/whatwg-url@^11.0.2
318 http fetch GET 200 https://registry.npmjs.org/sparse-bitfield 89ms (cache miss)
319 http fetch GET 200 https://registry.npmjs.org/@types%2fwhatwg-url 88ms (cache miss)
320 http fetch GET 200 https://registry.npmjs.org/whatwg-url 117ms (cache miss)
321 timing idealTree:node_modules/mongodb Completed in 122ms
322 silly placeDep ROOT sparse-bitfield@3.0.3 OK for: @mongodb-js/saslprep@1.3.0 want: ^3.0.3
323 silly fetch manifest memory-pager@^1.0.2
324 http fetch GET 200 https://registry.npmjs.org/memory-pager 104ms (cache miss)
325 timing idealTree:node_modules/@mongodb-js/saslprep Completed in 106ms
326 silly placeDep ROOT @types/whatwg-url@11.0.5 OK for: mongodb-connection-string-url@3.0.2 want: ^11.0.2
327 silly fetch manifest @types/webidl-conversions@*
328 silly placeDep ROOT whatwg-url@14.2.0 OK for: mongodb-connection-string-url@3.0.2 want: ^14.1.0 || ^13.0.0
329 silly fetch manifest tr46@^5.1.0
330 silly fetch manifest webidl-conversions@^7.0.0
331 http fetch GET 200 https://registry.npmjs.org/@types%2fwebidl-conversions 102ms (cache miss)
332 http fetch GET 200 https://registry.npmjs.org/tr46 167ms (cache miss)
333 http fetch GET 200 https://registry.npmjs.org/webidl-conversions 167ms (cache miss)
334 timing idealTree:node_modules/mongodb-connection-string-url Completed in 173ms
335 silly placeDep ROOT @types/webidl-conversions@7.0.3 OK for: @types/whatwg-url@11.0.5 want: *
336 timing idealTree:node_modules/@types/whatwg-url Completed in 1ms
337 timing idealTree:node_modules/@types/webidl-conversions Completed in 0ms
338 timing idealTree:node_modules/mpath Completed in 0ms
339 timing idealTree:node_modules/mquery Completed in 0ms
340 timing idealTree:node_modules/ms Completed in 0ms
341 timing idealTree:node_modules/negotiator Completed in 0ms
342 timing idealTree:node_modules/object-assign Completed in 0ms
343 silly placeDep ROOT ee-first@1.1.1 OK for: on-finished@2.4.1 want: 1.1.1
344 timing idealTree:node_modules/on-finished Completed in 1ms
345 timing idealTree:node_modules/ee-first Completed in 0ms
346 silly placeDep ROOT wrappy@1.0.2 OK for: once@1.4.0 want: 1
347 timing idealTree:node_modules/once Completed in 1ms
348 timing idealTree:node_modules/parseurl Completed in 0ms
349 silly placeDep ROOT forwarded@0.2.0 OK for: proxy-addr@2.0.7 want: 0.2.0
350 silly placeDep ROOT ipaddr.js@1.9.1 OK for: proxy-addr@2.0.7 want: 1.9.1
351 timing idealTree:node_modules/proxy-addr Completed in 2ms
352 timing idealTree:node_modules/forwarded Completed in 0ms
353 timing idealTree:node_modules/ipaddr.js Completed in 0ms
354 silly placeDep ROOT side-channel@1.1.0 OK for: qs@6.14.0 want: ^1.1.0
355 silly fetch manifest es-errors@^1.3.0
356 silly fetch manifest object-inspect@^1.13.3
357 silly fetch manifest side-channel-list@^1.0.0
358 silly fetch manifest side-channel-map@^1.0.1
359 silly fetch manifest side-channel-weakmap@^1.0.2
360 http fetch GET 200 https://registry.npmjs.org/side-channel-map 117ms (cache miss)
361 http fetch GET 200 https://registry.npmjs.org/es-errors 119ms (cache miss)
362 http fetch GET 200 https://registry.npmjs.org/side-channel-weakmap 131ms (cache miss)
363 http fetch GET 200 https://registry.npmjs.org/side-channel-list 133ms (cache miss)
364 http fetch GET 200 https://registry.npmjs.org/object-inspect 134ms (cache miss)
365 timing idealTree:node_modules/qs Completed in 137ms
366 timing idealTree:node_modules/range-parser Completed in 0ms
367 silly placeDep node_modules/raw-body iconv-lite@0.7.0 OK for: raw-body@3.0.1 want: 0.7.0
368 silly placeDep ROOT unpipe@1.0.0 OK for: raw-body@3.0.1 want: 1.0.0
369 timing idealTree:node_modules/raw-body Completed in 2ms
370 silly placeDep ROOT is-promise@4.0.0 OK for: router@2.2.0 want: ^4.0.0
371 silly placeDep ROOT path-to-regexp@8.3.0 OK for: router@2.2.0 want: ^8.0.0
372 timing idealTree:node_modules/router Completed in 2ms
373 timing idealTree:node_modules/is-promise Completed in 0ms
374 timing idealTree:node_modules/path-to-regexp Completed in 0ms
375 timing idealTree:node_modules/safe-buffer Completed in 0ms
376 timing idealTree:node_modules/safer-buffer Completed in 0ms
377 timing idealTree:node_modules/semver Completed in 0ms
378 timing idealTree:node_modules/send Completed in 0ms
379 timing idealTree:node_modules/serve-static Completed in 0ms
380 timing idealTree:node_modules/setprototypeof Completed in 0ms
381 silly placeDep ROOT es-errors@1.3.0 OK for: side-channel@1.1.0 want: ^1.3.0
382 silly placeDep ROOT object-inspect@1.13.4 OK for: side-channel@1.1.0 want: ^1.13.3
383 silly placeDep ROOT side-channel-list@1.0.0 OK for: side-channel@1.1.0 want: ^1.0.0
384 silly placeDep ROOT side-channel-map@1.0.1 OK for: side-channel@1.1.0 want: ^1.0.1
385 silly fetch manifest call-bound@^1.0.2
386 silly fetch manifest get-intrinsic@^1.2.5
387 silly placeDep ROOT side-channel-weakmap@1.0.2 OK for: side-channel@1.1.0 want: ^1.0.2
388 http fetch GET 200 https://registry.npmjs.org/call-bound 86ms (cache miss)
389 http fetch GET 200 https://registry.npmjs.org/get-intrinsic 103ms (cache miss)
390 timing idealTree:node_modules/side-channel Completed in 110ms
391 timing idealTree:node_modules/es-errors Completed in 0ms
392 timing idealTree:node_modules/object-inspect Completed in 0ms
393 timing idealTree:node_modules/side-channel-list Completed in 0ms
394 silly placeDep ROOT call-bound@1.0.4 OK for: side-channel-map@1.0.1 want: ^1.0.2
395 silly fetch manifest call-bind-apply-helpers@^1.0.2
396 silly fetch manifest get-intrinsic@^1.3.0
397 silly placeDep ROOT get-intrinsic@1.3.0 OK for: side-channel-map@1.0.1 want: ^1.2.5
398 silly fetch manifest es-define-property@^1.0.1
399 silly fetch manifest es-object-atoms@^1.1.1
400 silly fetch manifest function-bind@^1.1.2
401 silly fetch manifest get-proto@^1.0.1
402 silly fetch manifest gopd@^1.2.0
403 silly fetch manifest has-symbols@^1.1.0
404 silly fetch manifest hasown@^2.0.2
405 silly fetch manifest math-intrinsics@^1.1.0
406 http fetch GET 200 https://registry.npmjs.org/call-bind-apply-helpers 97ms (cache miss)
407 http fetch GET 200 https://registry.npmjs.org/es-object-atoms 95ms (cache miss)
408 http fetch GET 200 https://registry.npmjs.org/function-bind 94ms (cache miss)
409 http fetch GET 200 https://registry.npmjs.org/es-define-property 96ms (cache miss)
410 http fetch GET 200 https://registry.npmjs.org/get-proto 94ms (cache miss)
411 http fetch GET 200 https://registry.npmjs.org/hasown 102ms (cache miss)
412 http fetch GET 200 https://registry.npmjs.org/has-symbols 106ms (cache miss)
413 http fetch GET 200 https://registry.npmjs.org/gopd 107ms (cache miss)
414 http fetch GET 200 https://registry.npmjs.org/math-intrinsics 136ms (cache miss)
415 timing idealTree:node_modules/side-channel-map Completed in 148ms
416 silly placeDep ROOT call-bind-apply-helpers@1.0.2 OK for: call-bound@1.0.4 want: ^1.0.2
417 timing idealTree:node_modules/call-bound Completed in 1ms
418 silly placeDep ROOT function-bind@1.1.2 OK for: call-bind-apply-helpers@1.0.2 want: ^1.1.2
419 timing idealTree:node_modules/call-bind-apply-helpers Completed in 2ms
420 timing idealTree:node_modules/function-bind Completed in 0ms
421 silly placeDep ROOT es-define-property@1.0.1 OK for: get-intrinsic@1.3.0 want: ^1.0.1
422 silly placeDep ROOT es-object-atoms@1.1.1 OK for: get-intrinsic@1.3.0 want: ^1.1.1
423 silly placeDep ROOT get-proto@1.0.1 OK for: get-intrinsic@1.3.0 want: ^1.0.1
424 silly fetch manifest dunder-proto@^1.0.1
425 silly placeDep ROOT gopd@1.2.0 OK for: get-intrinsic@1.3.0 want: ^1.2.0
426 silly placeDep ROOT has-symbols@1.1.0 OK for: get-intrinsic@1.3.0 want: ^1.1.0
427 silly placeDep ROOT hasown@2.0.2 OK for: get-intrinsic@1.3.0 want: ^2.0.2
428 silly placeDep ROOT math-intrinsics@1.1.0 OK for: get-intrinsic@1.3.0 want: ^1.1.0
429 http fetch GET 200 https://registry.npmjs.org/dunder-proto 148ms (cache miss)
430 timing idealTree:node_modules/get-intrinsic Completed in 152ms
431 timing idealTree:node_modules/es-define-property Completed in 0ms
432 timing idealTree:node_modules/es-object-atoms Completed in 0ms
433 silly placeDep ROOT dunder-proto@1.0.1 OK for: get-proto@1.0.1 want: ^1.0.1
434 timing idealTree:node_modules/get-proto Completed in 1ms
435 timing idealTree:node_modules/dunder-proto Completed in 0ms
436 timing idealTree:node_modules/gopd Completed in 0ms
437 timing idealTree:node_modules/has-symbols Completed in 0ms
438 timing idealTree:node_modules/hasown Completed in 0ms
439 timing idealTree:node_modules/math-intrinsics Completed in 0ms
440 timing idealTree:node_modules/side-channel-weakmap Completed in 0ms
441 timing idealTree:node_modules/sift Completed in 0ms
442 silly placeDep ROOT memory-pager@1.5.0 OK for: sparse-bitfield@3.0.3 want: ^1.0.2
443 timing idealTree:node_modules/sparse-bitfield Completed in 1ms
444 timing idealTree:node_modules/memory-pager Completed in 0ms
445 timing idealTree:node_modules/statuses Completed in 0ms
446 timing idealTree:node_modules/toidentifier Completed in 0ms
447 silly placeDep ROOT media-typer@1.1.0 OK for: type-is@2.0.1 want: ^1.1.0
448 timing idealTree:node_modules/type-is Completed in 1ms
449 timing idealTree:node_modules/media-typer Completed in 0ms
450 timing idealTree:node_modules/unpipe Completed in 0ms
451 timing idealTree:node_modules/vary Completed in 0ms
452 silly placeDep ROOT tr46@5.1.1 OK for: whatwg-url@14.2.0 want: ^5.1.0
453 silly fetch manifest punycode@^2.3.1
454 silly placeDep ROOT webidl-conversions@7.0.0 OK for: whatwg-url@14.2.0 want: ^7.0.0
455 http fetch GET 200 https://registry.npmjs.org/punycode 116ms (cache miss)
456 timing idealTree:node_modules/whatwg-url Completed in 118ms
457 silly placeDep ROOT punycode@2.3.1 OK for: tr46@5.1.1 want: ^2.3.1
458 timing idealTree:node_modules/tr46 Completed in 1ms
459 timing idealTree:node_modules/punycode Completed in 0ms
460 timing idealTree:node_modules/webidl-conversions Completed in 0ms
461 timing idealTree:node_modules/wrappy Completed in 0ms
462 timing idealTree:node_modules/http-errors/node_modules/statuses Completed in 0ms
463 timing idealTree:node_modules/raw-body/node_modules/iconv-lite Completed in 0ms
464 timing idealTree:buildDeps Completed in 5178ms
465 timing idealTree:fixDepFlags Completed in 2ms
466 timing idealTree Completed in 5197ms
467 timing reify:loadTrees Completed in 5197ms
468 timing reify:diffTrees Completed in 2ms
469 silly reify moves {}
470 timing reify:retireShallow Completed in 1ms
471 timing reify:createSparse Completed in 9ms
472 timing reify:loadBundles Completed in 0ms
473 silly audit bulk request {
473 silly audit   bcryptjs: [ '3.0.2' ],
473 silly audit   'body-parser': [ '2.2.0' ],
473 silly audit   cors: [ '2.8.5' ],
473 silly audit   express: [ '5.1.0' ],
473 silly audit   jsonwebtoken: [ '9.0.2' ],
473 silly audit   mongoose: [ '8.18.1' ],
473 silly audit   bytes: [ '3.1.2' ],
473 silly audit   'content-type': [ '1.0.5' ],
473 silly audit   debug: [ '4.4.3' ],
473 silly audit   'http-errors': [ '2.0.0' ],
473 silly audit   'iconv-lite': [ '0.6.3', '0.7.0' ],
473 silly audit   'on-finished': [ '2.4.1' ],
473 silly audit   qs: [ '6.14.0' ],
473 silly audit   'raw-body': [ '3.0.1' ],
473 silly audit   'type-is': [ '2.0.1' ],
473 silly audit   'object-assign': [ '4.1.1' ],
473 silly audit   vary: [ '1.1.2' ],
473 silly audit   ms: [ '2.1.3' ],
473 silly audit   accepts: [ '2.0.0' ],
473 silly audit   'content-disposition': [ '1.0.0' ],
473 silly audit   cookie: [ '0.7.2' ],
473 silly audit   'cookie-signature': [ '1.2.2' ],
473 silly audit   encodeurl: [ '2.0.0' ],
473 silly audit   'escape-html': [ '1.0.3' ],
473 silly audit   etag: [ '1.8.1' ],
473 silly audit   finalhandler: [ '2.1.0' ],
473 silly audit   fresh: [ '2.0.0' ],
473 silly audit   'merge-descriptors': [ '2.0.0' ],
473 silly audit   'mime-types': [ '3.0.1' ],
473 silly audit   once: [ '1.4.0' ],
473 silly audit   parseurl: [ '1.3.3' ],
473 silly audit   'proxy-addr': [ '2.0.7' ],
473 silly audit   'range-parser': [ '1.2.1' ],
473 silly audit   router: [ '2.2.0' ],
473 silly audit   send: [ '1.2.0' ],
473 silly audit   'serve-static': [ '2.2.0' ],
473 silly audit   statuses: [ '2.0.2', '2.0.1' ],
473 silly audit   negotiator: [ '1.0.0' ],
473 silly audit   'safe-buffer': [ '5.2.1' ],
473 silly audit   depd: [ '2.0.0' ],
473 silly audit   inherits: [ '2.0.4' ],
473 silly audit   setprototypeof: [ '1.2.0' ],
473 silly audit   toidentifier: [ '1.0.1' ],
473 silly audit   'safer-buffer': [ '2.1.2' ],
473 silly audit   jws: [ '3.2.2' ],
473 silly audit   'lodash.includes': [ '4.3.0' ],
473 silly audit   'lodash.isboolean': [ '3.0.3' ],
473 silly audit   'lodash.isinteger': [ '4.0.4' ],
473 silly audit   'lodash.isnumber': [ '3.0.3' ],
473 silly audit   'lodash.isplainobject': [ '4.0.6' ],
473 silly audit   'lodash.isstring': [ '4.0.1' ],
473 silly audit   'lodash.once': [ '4.1.1' ],
473 silly audit   semver: [ '7.7.2' ],
473 silly audit   jwa: [ '1.4.2' ],
473 silly audit   'buffer-equal-constant-time': [ '1.0.1' ],
473 silly audit   'ecdsa-sig-formatter': [ '1.0.11' ],
473 silly audit   'mime-db': [ '1.54.0' ],
473 silly audit   bson: [ '6.10.4' ],
473 silly audit   kareem: [ '2.6.3' ],
473 silly audit   mongodb: [ '6.18.0' ],
473 silly audit   mpath: [ '0.9.0' ],
473 silly audit   mquery: [ '5.0.0' ],
473 silly audit   sift: [ '17.1.3' ],
473 silly audit   '@mongodb-js/saslprep': [ '1.3.0' ],
473 silly audit   'mongodb-connection-string-url': [ '3.0.2' ],
473 silly audit   'sparse-bitfield': [ '3.0.3' ],
473 silly audit   '@types/whatwg-url': [ '11.0.5' ],
473 silly audit   'whatwg-url': [ '14.2.0' ],
473 silly audit   '@types/webidl-conversions': [ '7.0.3' ],
473 silly audit   'ee-first': [ '1.1.1' ],
473 silly audit   wrappy: [ '1.0.2' ],
473 silly audit   forwarded: [ '0.2.0' ],
473 silly audit   'ipaddr.js': [ '1.9.1' ],
473 silly audit   'side-channel': [ '1.1.0' ],
473 silly audit   unpipe: [ '1.0.0' ],
473 silly audit   'is-promise': [ '4.0.0' ],
473 silly audit   'path-to-regexp': [ '8.3.0' ],
473 silly audit   'es-errors': [ '1.3.0' ],
473 silly audit   'object-inspect': [ '1.13.4' ],
473 silly audit   'side-channel-list': [ '1.0.0' ],
473 silly audit   'side-channel-map': [ '1.0.1' ],
473 silly audit   'side-channel-weakmap': [ '1.0.2' ],
473 silly audit   'call-bound': [ '1.0.4' ],
473 silly audit   'get-intrinsic': [ '1.3.0' ],
473 silly audit   'call-bind-apply-helpers': [ '1.0.2' ],
473 silly audit   'function-bind': [ '1.1.2' ],
473 silly audit   'es-define-property': [ '1.0.1' ],
473 silly audit   'es-object-atoms': [ '1.1.1' ],
473 silly audit   'get-proto': [ '1.0.1' ],
473 silly audit   gopd: [ '1.2.0' ],
473 silly audit   'has-symbols': [ '1.1.0' ],
473 silly audit   hasown: [ '2.0.2' ],
473 silly audit   'math-intrinsics': [ '1.1.0' ],
473 silly audit   'dunder-proto': [ '1.0.1' ],
473 silly audit   'memory-pager': [ '1.5.0' ],
473 silly audit   'media-typer': [ '1.1.0' ],
473 silly audit   tr46: [ '5.1.1' ],
473 silly audit   'webidl-conversions': [ '7.0.0' ],
473 silly audit   punycode: [ '2.3.1' ]
473 silly audit }
474 silly tarball no local data for punycode@https://registry.npmjs.org/punycode/-/punycode-2.3.1.tgz. Extracting by manifest.
475 silly tarball no local data for tr46@https://registry.npmjs.org/tr46/-/tr46-5.1.1.tgz. Extracting by manifest.
476 silly tarball no local data for memory-pager@https://registry.npmjs.org/memory-pager/-/memory-pager-1.5.0.tgz. Extracting by manifest.
477 silly tarball no local data for webidl-conversions@https://registry.npmjs.org/webidl-conversions/-/webidl-conversions-7.0.0.tgz. Extracting by manifest.
478 silly tarball no local data for hasown@https://registry.npmjs.org/hasown/-/hasown-2.0.2.tgz. Extracting by manifest.
479 silly tarball no local data for math-intrinsics@https://registry.npmjs.org/math-intrinsics/-/math-intrinsics-1.1.0.tgz. Extracting by manifest.
480 silly tarball no local data for media-typer@https://registry.npmjs.org/media-typer/-/media-typer-1.1.0.tgz. Extracting by manifest.
481 silly tarball no local data for has-symbols@https://registry.npmjs.org/has-symbols/-/has-symbols-1.1.0.tgz. Extracting by manifest.
482 silly tarball no local data for gopd@https://registry.npmjs.org/gopd/-/gopd-1.2.0.tgz. Extracting by manifest.
483 silly tarball no local data for es-object-atoms@https://registry.npmjs.org/es-object-atoms/-/es-object-atoms-1.1.1.tgz. Extracting by manifest.
484 silly tarball no local data for get-proto@https://registry.npmjs.org/get-proto/-/get-proto-1.0.1.tgz. Extracting by manifest.
485 silly tarball no local data for es-define-property@https://registry.npmjs.org/es-define-property/-/es-define-property-1.0.1.tgz. Extracting by manifest.
486 silly tarball no local data for dunder-proto@https://registry.npmjs.org/dunder-proto/-/dunder-proto-1.0.1.tgz. Extracting by manifest.
487 silly tarball no local data for call-bind-apply-helpers@https://registry.npmjs.org/call-bind-apply-helpers/-/call-bind-apply-helpers-1.0.2.tgz. Extracting by manifest.
488 silly tarball no local data for function-bind@https://registry.npmjs.org/function-bind/-/function-bind-1.1.2.tgz. Extracting by manifest.
489 silly tarball no local data for call-bound@https://registry.npmjs.org/call-bound/-/call-bound-1.0.4.tgz. Extracting by manifest.
490 silly tarball no local data for side-channel-weakmap@https://registry.npmjs.org/side-channel-weakmap/-/side-channel-weakmap-1.0.2.tgz. Extracting by manifest.
491 silly tarball no local data for get-intrinsic@https://registry.npmjs.org/get-intrinsic/-/get-intrinsic-1.3.0.tgz. Extracting by manifest.
492 silly tarball no local data for side-channel-list@https://registry.npmjs.org/side-channel-list/-/side-channel-list-1.0.0.tgz. Extracting by manifest.
493 silly tarball no local data for object-inspect@https://registry.npmjs.org/object-inspect/-/object-inspect-1.13.4.tgz. Extracting by manifest.
494 silly tarball no local data for side-channel-map@https://registry.npmjs.org/side-channel-map/-/side-channel-map-1.0.1.tgz. Extracting by manifest.
495 silly tarball no local data for unpipe@https://registry.npmjs.org/unpipe/-/unpipe-1.0.0.tgz. Extracting by manifest.
496 silly tarball no local data for es-errors@https://registry.npmjs.org/es-errors/-/es-errors-1.3.0.tgz. Extracting by manifest.
497 silly tarball no local data for path-to-regexp@https://registry.npmjs.org/path-to-regexp/-/path-to-regexp-8.3.0.tgz. Extracting by manifest.
498 silly tarball no local data for is-promise@https://registry.npmjs.org/is-promise/-/is-promise-4.0.0.tgz. Extracting by manifest.
499 silly tarball no local data for ipaddr.js@https://registry.npmjs.org/ipaddr.js/-/ipaddr.js-1.9.1.tgz. Extracting by manifest.
500 silly tarball no local data for forwarded@https://registry.npmjs.org/forwarded/-/forwarded-0.2.0.tgz. Extracting by manifest.
501 silly tarball no local data for side-channel@https://registry.npmjs.org/side-channel/-/side-channel-1.1.0.tgz. Extracting by manifest.
502 silly tarball no local data for wrappy@https://registry.npmjs.org/wrappy/-/wrappy-1.0.2.tgz. Extracting by manifest.
503 silly tarball no local data for ee-first@https://registry.npmjs.org/ee-first/-/ee-first-1.1.1.tgz. Extracting by manifest.
504 silly tarball no local data for whatwg-url@https://registry.npmjs.org/whatwg-url/-/whatwg-url-14.2.0.tgz. Extracting by manifest.
505 silly tarball no local data for @types/webidl-conversions@https://registry.npmjs.org/@types/webidl-conversions/-/webidl-conversions-7.0.3.tgz. Extracting by manifest.
506 silly tarball no local data for @types/whatwg-url@https://registry.npmjs.org/@types/whatwg-url/-/whatwg-url-11.0.5.tgz. Extracting by manifest.
507 silly tarball no local data for sparse-bitfield@https://registry.npmjs.org/sparse-bitfield/-/sparse-bitfield-3.0.3.tgz. Extracting by manifest.
508 silly tarball no local data for sift@https://registry.npmjs.org/sift/-/sift-17.1.3.tgz. Extracting by manifest.
509 silly tarball no local data for @mongodb-js/saslprep@https://registry.npmjs.org/@mongodb-js/saslprep/-/saslprep-1.3.0.tgz. Extracting by manifest.
510 silly tarball no local data for mongodb-connection-string-url@https://registry.npmjs.org/mongodb-connection-string-url/-/mongodb-connection-string-url-3.0.2.tgz. Extracting by manifest.
511 silly tarball no local data for mpath@https://registry.npmjs.org/mpath/-/mpath-0.9.0.tgz. Extracting by manifest.
512 silly tarball no local data for mongodb@https://registry.npmjs.org/mongodb/-/mongodb-6.18.0.tgz. Extracting by manifest.
513 silly tarball no local data for kareem@https://registry.npmjs.org/kareem/-/kareem-2.6.3.tgz. Extracting by manifest.
514 silly tarball no local data for bson@https://registry.npmjs.org/bson/-/bson-6.10.4.tgz. Extracting by manifest.
515 silly tarball no local data for ecdsa-sig-formatter@https://registry.npmjs.org/ecdsa-sig-formatter/-/ecdsa-sig-formatter-1.0.11.tgz. Extracting by manifest.
516 silly tarball no local data for mquery@https://registry.npmjs.org/mquery/-/mquery-5.0.0.tgz. Extracting by manifest.
517 silly tarball no local data for buffer-equal-constant-time@https://registry.npmjs.org/buffer-equal-constant-time/-/buffer-equal-constant-time-1.0.1.tgz. Extracting by manifest.
518 silly tarball no local data for mime-db@https://registry.npmjs.org/mime-db/-/mime-db-1.54.0.tgz. Extracting by manifest.
519 silly tarball no local data for jwa@https://registry.npmjs.org/jwa/-/jwa-1.4.2.tgz. Extracting by manifest.
520 silly tarball no local data for lodash.once@https://registry.npmjs.org/lodash.once/-/lodash.once-4.1.1.tgz. Extracting by manifest.
521 silly tarball no local data for semver@https://registry.npmjs.org/semver/-/semver-7.7.2.tgz. Extracting by manifest.
522 silly tarball no local data for lodash.isstring@https://registry.npmjs.org/lodash.isstring/-/lodash.isstring-4.0.1.tgz. Extracting by manifest.
523 silly tarball no local data for lodash.isplainobject@https://registry.npmjs.org/lodash.isplainobject/-/lodash.isplainobject-4.0.6.tgz. Extracting by manifest.
524 silly tarball no local data for lodash.isboolean@https://registry.npmjs.org/lodash.isboolean/-/lodash.isboolean-3.0.3.tgz. Extracting by manifest.
525 silly tarball no local data for lodash.isnumber@https://registry.npmjs.org/lodash.isnumber/-/lodash.isnumber-3.0.3.tgz. Extracting by manifest.
526 silly tarball no local data for lodash.isinteger@https://registry.npmjs.org/lodash.isinteger/-/lodash.isinteger-4.0.4.tgz. Extracting by manifest.
527 silly tarball no local data for lodash.includes@https://registry.npmjs.org/lodash.includes/-/lodash.includes-4.3.0.tgz. Extracting by manifest.
528 silly tarball no local data for toidentifier@https://registry.npmjs.org/toidentifier/-/toidentifier-1.0.1.tgz. Extracting by manifest.
529 silly tarball no local data for jws@https://registry.npmjs.org/jws/-/jws-3.2.2.tgz. Extracting by manifest.
530 silly tarball no local data for setprototypeof@https://registry.npmjs.org/setprototypeof/-/setprototypeof-1.2.0.tgz. Extracting by manifest.
531 silly tarball no local data for inherits@https://registry.npmjs.org/inherits/-/inherits-2.0.4.tgz. Extracting by manifest.
532 silly tarball no local data for depd@https://registry.npmjs.org/depd/-/depd-2.0.0.tgz. Extracting by manifest.
533 silly tarball no local data for safe-buffer@https://registry.npmjs.org/safe-buffer/-/safe-buffer-5.2.1.tgz. Extracting by manifest.
534 silly tarball no local data for negotiator@https://registry.npmjs.org/negotiator/-/negotiator-1.0.0.tgz. Extracting by manifest.
535 silly tarball no local data for statuses@https://registry.npmjs.org/statuses/-/statuses-2.0.2.tgz. Extracting by manifest.
536 silly tarball no local data for serve-static@https://registry.npmjs.org/serve-static/-/serve-static-2.2.0.tgz. Extracting by manifest.
537 silly tarball no local data for send@https://registry.npmjs.org/send/-/send-1.2.0.tgz. Extracting by manifest.
538 silly tarball no local data for safer-buffer@https://registry.npmjs.org/safer-buffer/-/safer-buffer-2.1.2.tgz. Extracting by manifest.
539 silly tarball no local data for router@https://registry.npmjs.org/router/-/router-2.2.0.tgz. Extracting by manifest.
540 silly tarball no local data for range-parser@https://registry.npmjs.org/range-parser/-/range-parser-1.2.1.tgz. Extracting by manifest.
541 silly tarball no local data for proxy-addr@https://registry.npmjs.org/proxy-addr/-/proxy-addr-2.0.7.tgz. Extracting by manifest.
542 silly tarball no local data for once@https://registry.npmjs.org/once/-/once-1.4.0.tgz. Extracting by manifest.
543 silly tarball no local data for parseurl@https://registry.npmjs.org/parseurl/-/parseurl-1.3.3.tgz. Extracting by manifest.
544 silly tarball no local data for merge-descriptors@https://registry.npmjs.org/merge-descriptors/-/merge-descriptors-2.0.0.tgz. Extracting by manifest.
545 silly tarball no local data for mime-types@https://registry.npmjs.org/mime-types/-/mime-types-3.0.1.tgz. Extracting by manifest.
546 silly tarball no local data for finalhandler@https://registry.npmjs.org/finalhandler/-/finalhandler-2.1.0.tgz. Extracting by manifest.
547 silly tarball no local data for etag@https://registry.npmjs.org/etag/-/etag-1.8.1.tgz. Extracting by manifest.
548 silly tarball no local data for escape-html@https://registry.npmjs.org/escape-html/-/escape-html-1.0.3.tgz. Extracting by manifest.
549 silly tarball no local data for fresh@https://registry.npmjs.org/fresh/-/fresh-2.0.0.tgz. Extracting by manifest.
550 silly tarball no local data for content-disposition@https://registry.npmjs.org/content-disposition/-/content-disposition-1.0.0.tgz. Extracting by manifest.
551 silly tarball no local data for cookie-signature@https://registry.npmjs.org/cookie-signature/-/cookie-signature-1.2.2.tgz. Extracting by manifest.
552 silly tarball no local data for encodeurl@https://registry.npmjs.org/encodeurl/-/encodeurl-2.0.0.tgz. Extracting by manifest.
553 silly tarball no local data for accepts@https://registry.npmjs.org/accepts/-/accepts-2.0.0.tgz. Extracting by manifest.
554 silly tarball no local data for cookie@https://registry.npmjs.org/cookie/-/cookie-0.7.2.tgz. Extracting by manifest.
555 silly tarball no local data for ms@https://registry.npmjs.org/ms/-/ms-2.1.3.tgz. Extracting by manifest.
556 silly tarball no local data for type-is@https://registry.npmjs.org/type-is/-/type-is-2.0.1.tgz. Extracting by manifest.
557 silly tarball no local data for object-assign@https://registry.npmjs.org/object-assign/-/object-assign-4.1.1.tgz. Extracting by manifest.
558 silly tarball no local data for vary@https://registry.npmjs.org/vary/-/vary-1.1.2.tgz. Extracting by manifest.
559 silly tarball no local data for raw-body@https://registry.npmjs.org/raw-body/-/raw-body-3.0.1.tgz. Extracting by manifest.
560 silly tarball no local data for on-finished@https://registry.npmjs.org/on-finished/-/on-finished-2.4.1.tgz. Extracting by manifest.
561 silly tarball no local data for iconv-lite@https://registry.npmjs.org/iconv-lite/-/iconv-lite-0.6.3.tgz. Extracting by manifest.
562 silly tarball no local data for qs@https://registry.npmjs.org/qs/-/qs-6.14.0.tgz. Extracting by manifest.
563 silly tarball no local data for http-errors@https://registry.npmjs.org/http-errors/-/http-errors-2.0.0.tgz. Extracting by manifest.
564 silly tarball no local data for debug@https://registry.npmjs.org/debug/-/debug-4.4.3.tgz. Extracting by manifest.
565 silly tarball no local data for bytes@https://registry.npmjs.org/bytes/-/bytes-3.1.2.tgz. Extracting by manifest.
566 silly tarball no local data for content-type@https://registry.npmjs.org/content-type/-/content-type-1.0.5.tgz. Extracting by manifest.
567 silly tarball no local data for mongoose@https://registry.npmjs.org/mongoose/-/mongoose-8.18.1.tgz. Extracting by manifest.
568 silly tarball no local data for jsonwebtoken@https://registry.npmjs.org/jsonwebtoken/-/jsonwebtoken-9.0.2.tgz. Extracting by manifest.
569 silly tarball no local data for express@https://registry.npmjs.org/express/-/express-5.1.0.tgz. Extracting by manifest.
570 silly tarball no local data for cors@https://registry.npmjs.org/cors/-/cors-2.8.5.tgz. Extracting by manifest.
571 silly tarball no local data for body-parser@https://registry.npmjs.org/body-parser/-/body-parser-2.2.0.tgz. Extracting by manifest.
572 silly tarball no local data for bcryptjs@https://registry.npmjs.org/bcryptjs/-/bcryptjs-3.0.2.tgz. Extracting by manifest.
573 silly tarball no local data for iconv-lite@https://registry.npmjs.org/iconv-lite/-/iconv-lite-0.7.0.tgz. Extracting by manifest.
574 silly tarball no local data for statuses@https://registry.npmjs.org/statuses/-/statuses-2.0.1.tgz. Extracting by manifest.
575 http fetch GET 200 https://registry.npmjs.org/punycode/-/punycode-2.3.1.tgz 159ms (cache miss)
576 timing reifyNode:node_modules/punycode Completed in 197ms
577 http fetch GET 200 https://registry.npmjs.org/hasown/-/hasown-2.0.2.tgz 208ms (cache miss)
578 timing reifyNode:node_modules/hasown Completed in 248ms
579 http fetch GET 200 https://registry.npmjs.org/webidl-conversions/-/webidl-conversions-7.0.0.tgz 210ms (cache miss)
580 timing reifyNode:node_modules/webidl-conversions Completed in 249ms
581 http fetch GET 200 https://registry.npmjs.org/memory-pager/-/memory-pager-1.5.0.tgz 210ms (cache miss)
582 timing reifyNode:node_modules/memory-pager Completed in 250ms
583 http fetch GET 200 https://registry.npmjs.org/tr46/-/tr46-5.1.1.tgz 212ms (cache miss)
584 http fetch GET 200 https://registry.npmjs.org/media-typer/-/media-typer-1.1.0.tgz 210ms (cache miss)
585 timing reifyNode:node_modules/media-typer Completed in 251ms
586 timing reifyNode:node_modules/tr46 Completed in 252ms
587 http fetch GET 200 https://registry.npmjs.org/math-intrinsics/-/math-intrinsics-1.1.0.tgz 213ms (cache miss)
588 http fetch GET 200 https://registry.npmjs.org/has-symbols/-/has-symbols-1.1.0.tgz 217ms (cache miss)
589 timing reifyNode:node_modules/has-symbols Completed in 259ms
590 timing reifyNode:node_modules/math-intrinsics Completed in 260ms
591 http fetch GET 200 https://registry.npmjs.org/gopd/-/gopd-1.2.0.tgz 281ms (cache miss)
592 http fetch GET 200 https://registry.npmjs.org/es-define-property/-/es-define-property-1.0.1.tgz 284ms (cache miss)
593 timing reifyNode:node_modules/es-define-property Completed in 328ms
594 timing reifyNode:node_modules/gopd Completed in 331ms
595 http fetch GET 200 https://registry.npmjs.org/es-object-atoms/-/es-object-atoms-1.1.1.tgz 294ms (cache miss)
596 http fetch GET 200 https://registry.npmjs.org/get-proto/-/get-proto-1.0.1.tgz 296ms (cache miss)
597 timing reifyNode:node_modules/es-object-atoms Completed in 343ms
598 http fetch GET 200 https://registry.npmjs.org/function-bind/-/function-bind-1.1.2.tgz 298ms (cache miss)
599 timing reifyNode:node_modules/get-proto Completed in 345ms
600 timing reifyNode:node_modules/function-bind Completed in 348ms
601 http fetch GET 200 https://registry.npmjs.org/side-channel-list/-/side-channel-list-1.0.0.tgz 301ms (cache miss)
602 http fetch GET 200 https://registry.npmjs.org/side-channel-weakmap/-/side-channel-weakmap-1.0.2.tgz 303ms (cache miss)
603 timing reifyNode:node_modules/side-channel-weakmap Completed in 351ms
604 http fetch GET 200 https://registry.npmjs.org/dunder-proto/-/dunder-proto-1.0.1.tgz 308ms (cache miss)
605 timing reifyNode:node_modules/dunder-proto Completed in 353ms
606 timing reifyNode:node_modules/side-channel-list Completed in 352ms
607 http fetch GET 200 https://registry.npmjs.org/call-bind-apply-helpers/-/call-bind-apply-helpers-1.0.2.tgz 308ms (cache miss)
608 timing reifyNode:node_modules/call-bind-apply-helpers Completed in 353ms
609 http fetch GET 200 https://registry.npmjs.org/get-intrinsic/-/get-intrinsic-1.3.0.tgz 308ms (cache miss)
610 timing reifyNode:node_modules/get-intrinsic Completed in 356ms
611 http fetch GET 200 https://registry.npmjs.org/call-bound/-/call-bound-1.0.4.tgz 311ms (cache miss)
612 timing reifyNode:node_modules/call-bound Completed in 358ms
613 http fetch GET 200 https://registry.npmjs.org/path-to-regexp/-/path-to-regexp-8.3.0.tgz 462ms (cache miss)
614 timing reifyNode:node_modules/path-to-regexp Completed in 514ms
615 http fetch GET 200 https://registry.npmjs.org/whatwg-url/-/whatwg-url-14.2.0.tgz 458ms (cache miss)
616 timing reifyNode:node_modules/whatwg-url Completed in 519ms
617 http fetch POST 200 https://registry.npmjs.org/-/npm/v1/security/advisories/bulk 535ms
618 timing auditReport:getReport Completed in 538ms
619 silly audit report {}
620 timing auditReport:init Completed in 0ms
621 timing reify:audit Completed in 540ms
622 http fetch GET 200 https://registry.npmjs.org/ee-first/-/ee-first-1.1.1.tgz 517ms (cache miss)
623 timing reifyNode:node_modules/ee-first Completed in 577ms
624 http fetch GET 200 https://registry.npmjs.org/@types/webidl-conversions/-/webidl-conversions-7.0.3.tgz 534ms (cache miss)
625 timing reifyNode:node_modules/@types/webidl-conversions Completed in 595ms
626 http fetch GET 200 https://registry.npmjs.org/@types/whatwg-url/-/whatwg-url-11.0.5.tgz 551ms (cache miss)
627 http fetch GET 200 https://registry.npmjs.org/forwarded/-/forwarded-0.2.0.tgz 560ms (cache miss)
628 timing reifyNode:node_modules/forwarded Completed in 614ms
629 http fetch GET 200 https://registry.npmjs.org/unpipe/-/unpipe-1.0.0.tgz 563ms (cache miss)
630 timing reifyNode:node_modules/unpipe Completed in 615ms
631 http fetch GET 200 https://registry.npmjs.org/es-errors/-/es-errors-1.3.0.tgz 565ms (cache miss)
632 http fetch GET 200 https://registry.npmjs.org/is-promise/-/is-promise-4.0.0.tgz 563ms (cache miss)
633 timing reifyNode:node_modules/is-promise Completed in 616ms
634 timing reifyNode:node_modules/@types/whatwg-url Completed in 617ms
635 http fetch GET 200 https://registry.npmjs.org/side-channel/-/side-channel-1.1.0.tgz 562ms (cache miss)
636 http fetch GET 200 https://registry.npmjs.org/ipaddr.js/-/ipaddr.js-1.9.1.tgz 563ms (cache miss)
637 timing reifyNode:node_modules/ipaddr.js Completed in 618ms
638 http fetch GET 200 https://registry.npmjs.org/side-channel-map/-/side-channel-map-1.0.1.tgz 568ms (cache miss)
639 timing reifyNode:node_modules/side-channel-map Completed in 619ms
640 timing reifyNode:node_modules/side-channel Completed in 619ms
641 http fetch GET 200 https://registry.npmjs.org/object-inspect/-/object-inspect-1.13.4.tgz 570ms (cache miss)
642 timing reifyNode:node_modules/object-inspect Completed in 619ms
643 http fetch GET 200 https://registry.npmjs.org/wrappy/-/wrappy-1.0.2.tgz 561ms (cache miss)
644 timing reifyNode:node_modules/wrappy Completed in 620ms
645 timing reifyNode:node_modules/es-errors Completed in 622ms
646 http fetch GET 200 https://registry.npmjs.org/sparse-bitfield/-/sparse-bitfield-3.0.3.tgz 560ms (cache miss)
647 timing reifyNode:node_modules/sparse-bitfield Completed in 623ms
648 http fetch GET 200 https://registry.npmjs.org/mongodb-connection-string-url/-/mongodb-connection-string-url-3.0.2.tgz 584ms (cache miss)
649 timing reifyNode:node_modules/mongodb-connection-string-url Completed in 649ms
650 http fetch GET 200 https://registry.npmjs.org/kareem/-/kareem-2.6.3.tgz 593ms (cache miss)
651 http fetch GET 200 https://registry.npmjs.org/mpath/-/mpath-0.9.0.tgz 594ms (cache miss)
652 timing reifyNode:node_modules/mpath Completed in 659ms
653 timing reifyNode:node_modules/kareem Completed in 659ms
654 http fetch GET 200 https://registry.npmjs.org/ecdsa-sig-formatter/-/ecdsa-sig-formatter-1.0.11.tgz 593ms (cache miss)
655 timing reifyNode:node_modules/ecdsa-sig-formatter Completed in 660ms
656 http fetch GET 200 https://registry.npmjs.org/sift/-/sift-17.1.3.tgz 611ms (cache miss)
657 timing reifyNode:node_modules/sift Completed in 674ms
658 http fetch GET 200 https://registry.npmjs.org/buffer-equal-constant-time/-/buffer-equal-constant-time-1.0.1.tgz 642ms (cache miss)
659 timing reifyNode:node_modules/buffer-equal-constant-time Completed in 710ms
660 http fetch GET 200 https://registry.npmjs.org/lodash.once/-/lodash.once-4.1.1.tgz 641ms (cache miss)
661 timing reifyNode:node_modules/lodash.once Completed in 711ms
662 http fetch GET 200 https://registry.npmjs.org/lodash.isstring/-/lodash.isstring-4.0.1.tgz 641ms (cache miss)
663 timing reifyNode:node_modules/lodash.isstring Completed in 712ms
664 http fetch GET 200 https://registry.npmjs.org/mquery/-/mquery-5.0.0.tgz 650ms (cache miss)
665 timing reifyNode:node_modules/mquery Completed in 718ms
666 http fetch GET 200 https://registry.npmjs.org/semver/-/semver-7.7.2.tgz 653ms (cache miss)
667 timing reifyNode:node_modules/semver Completed in 725ms
668 http fetch GET 200 https://registry.npmjs.org/@mongodb-js/saslprep/-/saslprep-1.3.0.tgz 694ms (cache miss)
669 timing reifyNode:node_modules/@mongodb-js/saslprep Completed in 758ms
670 http fetch GET 200 https://registry.npmjs.org/lodash.isplainobject/-/lodash.isplainobject-4.0.6.tgz 692ms (cache miss)
671 timing reifyNode:node_modules/lodash.isplainobject Completed in 765ms
672 http fetch GET 200 https://registry.npmjs.org/lodash.isboolean/-/lodash.isboolean-3.0.3.tgz 709ms (cache miss)
673 timing reifyNode:node_modules/lodash.isboolean Completed in 781ms
674 http fetch GET 200 https://registry.npmjs.org/lodash.isnumber/-/lodash.isnumber-3.0.3.tgz 888ms (cache miss)
675 timing reifyNode:node_modules/lodash.isnumber Completed in 962ms
676 http fetch GET 200 https://registry.npmjs.org/toidentifier/-/toidentifier-1.0.1.tgz 888ms (cache miss)
677 timing reifyNode:node_modules/toidentifier Completed in 963ms
678 http fetch GET 200 https://registry.npmjs.org/lodash.isinteger/-/lodash.isinteger-4.0.4.tgz 889ms (cache miss)
679 timing reifyNode:node_modules/lodash.isinteger Completed in 964ms
680 http fetch GET 200 https://registry.npmjs.org/lodash.includes/-/lodash.includes-4.3.0.tgz 891ms (cache miss)
681 timing reifyNode:node_modules/lodash.includes Completed in 966ms
682 http fetch GET 200 https://registry.npmjs.org/mime-db/-/mime-db-1.54.0.tgz 901ms (cache miss)
683 timing reifyNode:node_modules/mime-db Completed in 969ms
684 http fetch GET 200 https://registry.npmjs.org/jws/-/jws-3.2.2.tgz 907ms (cache miss)
685 timing reifyNode:node_modules/jws Completed in 982ms
686 http fetch GET 200 https://registry.npmjs.org/inherits/-/inherits-2.0.4.tgz 943ms (cache miss)
687 timing reifyNode:node_modules/inherits Completed in 1025ms
688 http fetch GET 200 https://registry.npmjs.org/safe-buffer/-/safe-buffer-5.2.1.tgz 944ms (cache miss)
689 timing reifyNode:node_modules/safe-buffer Completed in 1027ms
690 http fetch GET 200 https://registry.npmjs.org/statuses/-/statuses-2.0.2.tgz 944ms (cache miss)
691 timing reifyNode:node_modules/statuses Completed in 1028ms
692 http fetch GET 200 https://registry.npmjs.org/setprototypeof/-/setprototypeof-1.2.0.tgz 947ms (cache miss)
693 timing reifyNode:node_modules/setprototypeof Completed in 1029ms
694 http fetch GET 200 https://registry.npmjs.org/negotiator/-/negotiator-1.0.0.tgz 946ms (cache miss)
695 http fetch GET 200 https://registry.npmjs.org/depd/-/depd-2.0.0.tgz 947ms (cache miss)
696 timing reifyNode:node_modules/depd Completed in 1029ms
697 timing reifyNode:node_modules/negotiator Completed in 1029ms
698 http fetch GET 200 https://registry.npmjs.org/serve-static/-/serve-static-2.2.0.tgz 945ms (cache miss)
699 timing reifyNode:node_modules/serve-static Completed in 1030ms
700 http fetch GET 200 https://registry.npmjs.org/send/-/send-1.2.0.tgz 962ms (cache miss)
701 timing reifyNode:node_modules/send Completed in 1047ms
702 http fetch GET 200 https://registry.npmjs.org/router/-/router-2.2.0.tgz 976ms (cache miss)
703 timing reifyNode:node_modules/router Completed in 1064ms
704 http fetch GET 200 https://registry.npmjs.org/safer-buffer/-/safer-buffer-2.1.2.tgz 978ms (cache miss)
705 timing reifyNode:node_modules/safer-buffer Completed in 1064ms
706 http fetch GET 200 https://registry.npmjs.org/range-parser/-/range-parser-1.2.1.tgz 977ms (cache miss)
707 timing reifyNode:node_modules/range-parser Completed in 1064ms
708 http fetch GET 200 https://registry.npmjs.org/proxy-addr/-/proxy-addr-2.0.7.tgz 977ms (cache miss)
709 timing reifyNode:node_modules/proxy-addr Completed in 1066ms
710 http fetch GET 200 https://registry.npmjs.org/jwa/-/jwa-1.4.2.tgz 1015ms (cache miss)
711 timing reifyNode:node_modules/jwa Completed in 1084ms
712 http fetch GET 200 https://registry.npmjs.org/once/-/once-1.4.0.tgz 1034ms (cache miss)
713 timing reifyNode:node_modules/once Completed in 1123ms
714 http fetch GET 200 https://registry.npmjs.org/merge-descriptors/-/merge-descriptors-2.0.0.tgz 1033ms (cache miss)
715 timing reifyNode:node_modules/merge-descriptors Completed in 1123ms
716 http fetch GET 200 https://registry.npmjs.org/parseurl/-/parseurl-1.3.3.tgz 1035ms (cache miss)
717 timing reifyNode:node_modules/parseurl Completed in 1124ms
718 http fetch GET 200 https://registry.npmjs.org/mime-types/-/mime-types-3.0.1.tgz 1033ms (cache miss)
719 timing reifyNode:node_modules/mime-types Completed in 1123ms
720 http fetch GET 200 https://registry.npmjs.org/finalhandler/-/finalhandler-2.1.0.tgz 1034ms (cache miss)
721 timing reifyNode:node_modules/finalhandler Completed in 1124ms
722 http fetch GET 200 https://registry.npmjs.org/escape-html/-/escape-html-1.0.3.tgz 1034ms (cache miss)
723 timing reifyNode:node_modules/escape-html Completed in 1125ms
724 http fetch GET 200 https://registry.npmjs.org/etag/-/etag-1.8.1.tgz 1034ms (cache miss)
725 timing reifyNode:node_modules/etag Completed in 1125ms
726 http fetch GET 200 https://registry.npmjs.org/cookie-signature/-/cookie-signature-1.2.2.tgz 1111ms (cache miss)
727 timing reifyNode:node_modules/cookie-signature Completed in 1204ms
728 http fetch GET 200 https://registry.npmjs.org/fresh/-/fresh-2.0.0.tgz 1112ms (cache miss)
729 timing reifyNode:node_modules/fresh Completed in 1204ms
730 http fetch GET 200 https://registry.npmjs.org/accepts/-/accepts-2.0.0.tgz 1111ms (cache miss)
731 timing reifyNode:node_modules/accepts Completed in 1205ms
732 http fetch GET 200 https://registry.npmjs.org/encodeurl/-/encodeurl-2.0.0.tgz 1111ms (cache miss)
733 timing reifyNode:node_modules/encodeurl Completed in 1205ms
734 http fetch GET 200 https://registry.npmjs.org/content-disposition/-/content-disposition-1.0.0.tgz 1112ms (cache miss)
735 timing reifyNode:node_modules/content-disposition Completed in 1206ms
736 http fetch GET 200 https://registry.npmjs.org/cookie/-/cookie-0.7.2.tgz 1169ms (cache miss)
737 timing reifyNode:node_modules/cookie Completed in 1264ms
738 http fetch GET 200 https://registry.npmjs.org/type-is/-/type-is-2.0.1.tgz 1182ms (cache miss)
739 timing reifyNode:node_modules/type-is Completed in 1278ms
740 http fetch GET 200 https://registry.npmjs.org/ms/-/ms-2.1.3.tgz 1183ms (cache miss)
741 timing reifyNode:node_modules/ms Completed in 1279ms
742 http fetch GET 200 https://registry.npmjs.org/bson/-/bson-6.10.4.tgz 1216ms (cache miss)
743 timing reifyNode:node_modules/bson Completed in 1282ms
744 http fetch GET 200 https://registry.npmjs.org/raw-body/-/raw-body-3.0.1.tgz 1188ms (cache miss)
745 timing reifyNode:node_modules/raw-body Completed in 1287ms
746 http fetch GET 200 https://registry.npmjs.org/vary/-/vary-1.1.2.tgz 1207ms (cache miss)
747 timing reifyNode:node_modules/vary Completed in 1305ms
748 http fetch GET 200 https://registry.npmjs.org/object-assign/-/object-assign-4.1.1.tgz 1216ms (cache miss)
749 timing reifyNode:node_modules/object-assign Completed in 1313ms
750 http fetch GET 200 https://registry.npmjs.org/on-finished/-/on-finished-2.4.1.tgz 1216ms (cache miss)
751 timing reifyNode:node_modules/on-finished Completed in 1315ms
752 http fetch GET 200 https://registry.npmjs.org/qs/-/qs-6.14.0.tgz 1245ms (cache miss)
753 timing reifyNode:node_modules/qs Completed in 1350ms
754 http fetch GET 200 https://registry.npmjs.org/content-type/-/content-type-1.0.5.tgz 1250ms (cache miss)
755 timing reifyNode:node_modules/content-type Completed in 1357ms
756 http fetch GET 200 https://registry.npmjs.org/bytes/-/bytes-3.1.2.tgz 1251ms (cache miss)
757 timing reifyNode:node_modules/bytes Completed in 1357ms
758 http fetch GET 200 https://registry.npmjs.org/debug/-/debug-4.4.3.tgz 1252ms (cache miss)
759 timing reifyNode:node_modules/debug Completed in 1357ms
760 http fetch GET 200 https://registry.npmjs.org/http-errors/-/http-errors-2.0.0.tgz 1254ms (cache miss)
761 timing reifyNode:node_modules/http-errors Completed in 1359ms
762 http fetch GET 200 https://registry.npmjs.org/iconv-lite/-/iconv-lite-0.6.3.tgz 1265ms (cache miss)
763 timing reifyNode:node_modules/iconv-lite Completed in 1364ms
764 http fetch GET 200 https://registry.npmjs.org/express/-/express-5.1.0.tgz 1343ms (cache miss)
765 timing reifyNode:node_modules/express Completed in 1451ms
766 http fetch GET 200 https://registry.npmjs.org/bcryptjs/-/bcryptjs-3.0.2.tgz 1342ms (cache miss)
767 timing reifyNode:node_modules/bcryptjs Completed in 1453ms
768 http fetch GET 200 https://registry.npmjs.org/cors/-/cors-2.8.5.tgz 1344ms (cache miss)
769 timing reifyNode:node_modules/cors Completed in 1453ms
770 http fetch GET 200 https://registry.npmjs.org/mongodb/-/mongodb-6.18.0.tgz 1391ms (cache miss)
771 timing reifyNode:node_modules/mongodb Completed in 1456ms
772 http fetch GET 200 https://registry.npmjs.org/body-parser/-/body-parser-2.2.0.tgz 1345ms (cache miss)
773 timing reifyNode:node_modules/body-parser Completed in 1456ms
774 http fetch GET 200 https://registry.npmjs.org/statuses/-/statuses-2.0.1.tgz 1344ms (cache miss)
775 timing reifyNode:node_modules/http-errors/node_modules/statuses Completed in 1456ms
776 http fetch GET 200 https://registry.npmjs.org/iconv-lite/-/iconv-lite-0.7.0.tgz 1450ms (cache miss)
777 timing reifyNode:node_modules/raw-body/node_modules/iconv-lite Completed in 1561ms
778 http fetch GET 200 https://registry.npmjs.org/mongoose/-/mongoose-8.18.1.tgz 1748ms (cache miss)
779 timing reifyNode:node_modules/mongoose Completed in 1855ms
780 http fetch GET 200 https://registry.npmjs.org/jsonwebtoken/-/jsonwebtoken-9.0.2.tgz 2336ms (cache miss)
781 timing reifyNode:node_modules/jsonwebtoken Completed in 2444ms
782 timing reify:unpack Completed in 2447ms
783 timing reify:unretire Completed in 0ms
784 timing build:queue Completed in 3ms
785 timing build:link:node_modules/semver Completed in 2ms
786 timing build:link:node_modules/bcryptjs Completed in 3ms
787 timing build:link Completed in 3ms
788 timing build:deps Completed in 6ms
789 timing build Completed in 6ms
790 timing reify:build Completed in 7ms
791 timing reify:trash Completed in 0ms
792 timing reify:save Completed in 38ms
793 timing reify Completed in 7813ms
794 silly ADD node_modules/punycode
795 silly ADD node_modules/webidl-conversions
796 silly ADD node_modules/tr46
797 silly ADD node_modules/media-typer
798 silly ADD node_modules/memory-pager
799 silly ADD node_modules/dunder-proto
800 silly ADD node_modules/math-intrinsics
801 silly ADD node_modules/hasown
802 silly ADD node_modules/has-symbols
803 silly ADD node_modules/gopd
804 silly ADD node_modules/get-proto
805 silly ADD node_modules/es-object-atoms
806 silly ADD node_modules/es-define-property
807 silly ADD node_modules/function-bind
808 silly ADD node_modules/call-bind-apply-helpers
809 silly ADD node_modules/get-intrinsic
810 silly ADD node_modules/call-bound
811 silly ADD node_modules/side-channel-weakmap
812 silly ADD node_modules/side-channel-map
813 silly ADD node_modules/side-channel-list
814 silly ADD node_modules/object-inspect
815 silly ADD node_modules/es-errors
816 silly ADD node_modules/path-to-regexp
817 silly ADD node_modules/is-promise
818 silly ADD node_modules/unpipe
819 silly ADD node_modules/side-channel
820 silly ADD node_modules/ipaddr.js
821 silly ADD node_modules/forwarded
822 silly ADD node_modules/wrappy
823 silly ADD node_modules/ee-first
824 silly ADD node_modules/@types/webidl-conversions
825 silly ADD node_modules/whatwg-url
826 silly ADD node_modules/@types/whatwg-url
827 silly ADD node_modules/sparse-bitfield
828 silly ADD node_modules/mongodb-connection-string-url
829 silly ADD node_modules/@mongodb-js/saslprep
830 silly ADD node_modules/sift
831 silly ADD node_modules/mquery
832 silly ADD node_modules/mpath
833 silly ADD node_modules/mongodb
834 silly ADD node_modules/kareem
835 silly ADD node_modules/bson
836 silly ADD node_modules/mime-db
837 silly ADD node_modules/ecdsa-sig-formatter
838 silly ADD node_modules/buffer-equal-constant-time
839 silly ADD node_modules/jwa
840 silly ADD node_modules/semver
841 silly ADD node_modules/lodash.once
842 silly ADD node_modules/lodash.isstring
843 silly ADD node_modules/lodash.isplainobject
844 silly ADD node_modules/lodash.isnumber
845 silly ADD node_modules/lodash.isinteger
846 silly ADD node_modules/lodash.isboolean
847 silly ADD node_modules/lodash.includes
848 silly ADD node_modules/jws
849 silly ADD node_modules/safer-buffer
850 silly ADD node_modules/toidentifier
851 silly ADD node_modules/setprototypeof
852 silly ADD node_modules/inherits
853 silly ADD node_modules/depd
854 silly ADD node_modules/safe-buffer
855 silly ADD node_modules/negotiator
856 silly ADD node_modules/statuses
857 silly ADD node_modules/serve-static
858 silly ADD node_modules/send
859 silly ADD node_modules/router
860 silly ADD node_modules/range-parser
861 silly ADD node_modules/proxy-addr
862 silly ADD node_modules/parseurl
863 silly ADD node_modules/once
864 silly ADD node_modules/mime-types
865 silly ADD node_modules/merge-descriptors
866 silly ADD node_modules/fresh
867 silly ADD node_modules/finalhandler
868 silly ADD node_modules/etag
869 silly ADD node_modules/escape-html
870 silly ADD node_modules/encodeurl
871 silly ADD node_modules/cookie-signature
872 silly ADD node_modules/cookie
873 silly ADD node_modules/content-disposition
874 silly ADD node_modules/accepts
875 silly ADD node_modules/ms
876 silly ADD node_modules/vary
877 silly ADD node_modules/object-assign
878 silly ADD node_modules/type-is
879 silly ADD node_modules/raw-body
880 silly ADD node_modules/raw-body/node_modules/iconv-lite
881 silly ADD node_modules/qs
882 silly ADD node_modules/on-finished
883 silly ADD node_modules/iconv-lite
884 silly ADD node_modules/http-errors
885 silly ADD node_modules/http-errors/node_modules/statuses
886 silly ADD node_modules/debug
887 silly ADD node_modules/content-type
888 silly ADD node_modules/bytes
889 silly ADD node_modules/mongoose
890 silly ADD node_modules/jsonwebtoken
891 silly ADD node_modules/express
892 silly ADD node_modules/cors
893 silly ADD node_modules/body-parser
894 silly ADD node_modules/bcryptjs
895 timing command:install Completed in 7822ms
896 notice
896 notice New major version of npm available! 10.2.3 -> 11.6.0
896 notice Changelog: <https://github.com/npm/cli/releases/tag/v11.6.0>
896 notice Run `npm install -g npm@11.6.0` to update!
896 notice
897 verbose exit 0
898 timing npm Completed in 8035ms
899 info ok
